This is pdfTeX, Version 3.14159265-2.6-1.40.21 (MiKTeX 20.12) (preloaded format=pdflatex 2020.12.21)  30 JUN 2021 01:50
entering extended mode
**./lif.tex
(lif.tex
LaTeX2e <2020-10-01> patch level 2
L3 programming layer <2020-12-07> xparse <2020-03-03>
("C:\Users\fotis\AppData\Local\Programs\MiKTeX 2.9\tex/latex/base\article.cls"
Document Class: article 2020/04/10 v1.4m Standard LaTeX document class
("C:\Users\fotis\AppData\Local\Programs\MiKTeX 2.9\tex/latex/base\size12.clo"
File: size12.clo 2020/04/10 v1.4m Standard LaTeX file (size option)
)
\c@part=\count177
\c@section=\count178
\c@subsection=\count179
\c@subsubsection=\count180
\c@paragraph=\count181
\c@subparagraph=\count182
\c@figure=\count183
\c@table=\count184
\abovecaptionskip=\skip47
\belowcaptionskip=\skip48
\bibindent=\dimen138
)
("C:\Users\fotis\AppData\Local\Programs\MiKTeX 2.9\tex/latex/amsmath\amsmath.st
y"
Package: amsmath 2020/09/23 v2.17i AMS math features
\@mathmargin=\skip49

For additional information on amsmath, use the `?' option.

("C:\Users\fotis\AppData\Local\Programs\MiKTeX 2.9\tex/latex/amsmath\amstext.st
y"
Package: amstext 2000/06/29 v2.01 AMS text

("C:\Users\fotis\AppData\Local\Programs\MiKTeX 2.9\tex/latex/amsmath\amsgen.sty
"
File: amsgen.sty 1999/11/30 v2.0 generic functions
\@emptytoks=\toks15
\ex@=\dimen139
))
("C:\Users\fotis\AppData\Local\Programs\MiKTeX 2.9\tex/latex/amsmath\amsbsy.sty
"
Package: amsbsy 1999/11/29 v1.2d Bold Symbols
\pmbraise@=\dimen140
)
("C:\Users\fotis\AppData\Local\Programs\MiKTeX 2.9\tex/latex/amsmath\amsopn.sty
"
Package: amsopn 2016/03/08 v2.02 operator names
)
\inf@bad=\count185
LaTeX Info: Redefining \frac on input line 234.
\uproot@=\count186
\leftroot@=\count187
LaTeX Info: Redefining \overline on input line 399.
\classnum@=\count188
\DOTSCASE@=\count189
LaTeX Info: Redefining \ldots on input line 496.
LaTeX Info: Redefining \dots on input line 499.
LaTeX Info: Redefining \cdots on input line 620.
\Mathstrutbox@=\box47
\strutbox@=\box48
\big@size=\dimen141
LaTeX Font Info:    Redeclaring font encoding OML on input line 743.
LaTeX Font Info:    Redeclaring font encoding OMS on input line 744.
\macc@depth=\count190
\c@MaxMatrixCols=\count191
\dotsspace@=\muskip16
\c@parentequation=\count192
\dspbrk@lvl=\count193
\tag@help=\toks16
\row@=\count194
\column@=\count195
\maxfields@=\count196
\andhelp@=\toks17
\eqnshift@=\dimen142
\alignsep@=\dimen143
\tagshift@=\dimen144
\tagwidth@=\dimen145
\totwidth@=\dimen146
\lineht@=\dimen147
\@envbody=\toks18
\multlinegap=\skip50
\multlinetaggap=\skip51
\mathdisplay@stack=\toks19
LaTeX Info: Redefining \[ on input line 2923.
LaTeX Info: Redefining \] on input line 2924.
)
("C:\Users\fotis\AppData\Local\Programs\MiKTeX 2.9\tex/latex/mathtools\mathtool
s.sty"
Package: mathtools 2020/03/24 v1.24 mathematical typesetting tools

("C:\Users\fotis\AppData\Local\Programs\MiKTeX 2.9\tex/latex/graphics\keyval.st
y"
Package: keyval 2014/10/28 v1.15 key=value parser (DPC)
\KV@toks@=\toks20
) ("C:\Users\fotis\AppData\Local\Programs\MiKTeX 2.9\tex/latex/tools\calc.sty"
Package: calc 2017/05/25 v4.3 Infix arithmetic (KKT,FJ)
\calc@Acount=\count197
\calc@Bcount=\count198
\calc@Adimen=\dimen148
\calc@Bdimen=\dimen149
\calc@Askip=\skip52
\calc@Bskip=\skip53
LaTeX Info: Redefining \setlength on input line 80.
LaTeX Info: Redefining \addtolength on input line 81.
\calc@Ccount=\count199
\calc@Cskip=\skip54
)
("C:\Users\fotis\AppData\Local\Programs\MiKTeX 2.9\tex/latex/mathtools\mhsetup.
sty"
Package: mhsetup 2017/03/31 v1.3 programming setup (MH)
)
LaTeX Info: Thecontrolsequence`\('isalreadyrobust on input line 130.
LaTeX Info: Thecontrolsequence`\)'isalreadyrobust on input line 130.
LaTeX Info: Thecontrolsequence`\['isalreadyrobust on input line 130.
LaTeX Info: Thecontrolsequence`\]'isalreadyrobust on input line 130.
\g_MT_multlinerow_int=\count266
\l_MT_multwidth_dim=\dimen150
\origjot=\skip55
\l_MT_shortvdotswithinadjustabove_dim=\dimen151
\l_MT_shortvdotswithinadjustbelow_dim=\dimen152
\l_MT_above_intertext_sep=\dimen153
\l_MT_below_intertext_sep=\dimen154
\l_MT_above_shortintertext_sep=\dimen155
\l_MT_below_shortintertext_sep=\dimen156
\xmathstrut@box=\box49
\xmathstrut@dim=\dimen157
)
("C:\Users\fotis\AppData\Local\Programs\MiKTeX 2.9\tex/latex/amsfonts\amssymb.s
ty"
Package: amssymb 2013/01/14 v3.01 AMS font symbols

("C:\Users\fotis\AppData\Local\Programs\MiKTeX 2.9\tex/latex/amsfonts\amsfonts.
sty"
Package: amsfonts 2013/01/14 v3.01 Basic AMSFonts support
\symAMSa=\mathgroup4
\symAMSb=\mathgroup5
LaTeX Font Info:    Redeclaring math symbol \hbar on input line 98.
LaTeX Font Info:    Overwriting math alphabet `\mathfrak' in version `bold'
(Font)                  U/euf/m/n --> U/euf/b/n on input line 106.
))
("C:\Users\fotis\AppData\Local\Programs\MiKTeX 2.9\tex/latex/preprint\fullpage.
sty"
Package: fullpage 1999/02/23 1.1 (PWD)
\FP@margin=\skip56
)
("C:\Users\fotis\AppData\Local\Programs\MiKTeX 2.9\tex/latex/hyperref\hyperref.
sty"
Package: hyperref 2020-05-15 v7.00e Hypertext links for LaTeX

("C:\Users\fotis\AppData\Local\Programs\MiKTeX 2.9\tex/generic/ltxcmds\ltxcmds.
sty"
Package: ltxcmds 2020-05-10 v1.25 LaTeX kernel commands for general use (HO)
)
("C:\Users\fotis\AppData\Local\Programs\MiKTeX 2.9\tex/generic/iftex\iftex.sty"
Package: iftex 2020/03/06 v1.0d TeX engine tests
)
("C:\Users\fotis\AppData\Local\Programs\MiKTeX 2.9\tex/generic/pdftexcmds\pdfte
xcmds.sty"
Package: pdftexcmds 2020-06-27 v0.33 Utility functions of pdfTeX for LuaTeX (HO
)

("C:\Users\fotis\AppData\Local\Programs\MiKTeX 2.9\tex/generic/infwarerr\infwar
err.sty"
Package: infwarerr 2019/12/03 v1.5 Providing info/warning/error messages (HO)
)
Package pdftexcmds Info: \pdf@primitive is available.
Package pdftexcmds Info: \pdf@ifprimitive is available.
Package pdftexcmds Info: \pdfdraftmode found.
)
("C:\Users\fotis\AppData\Local\Programs\MiKTeX 2.9\tex/generic/kvsetkeys\kvsetk
eys.sty"
Package: kvsetkeys 2019/12/15 v1.18 Key value parser (HO)
)
("C:\Users\fotis\AppData\Local\Programs\MiKTeX 2.9\tex/generic/kvdefinekeys\kvd
efinekeys.sty"
Package: kvdefinekeys 2019-12-19 v1.6 Define keys (HO)
)
("C:\Users\fotis\AppData\Local\Programs\MiKTeX 2.9\tex/generic/pdfescape\pdfesc
ape.sty"
Package: pdfescape 2019/12/09 v1.15 Implements pdfTeX's escape features (HO)
)
("C:\Users\fotis\AppData\Local\Programs\MiKTeX 2.9\tex/latex/hycolor\hycolor.st
y"
Package: hycolor 2020-01-27 v1.10 Color options for hyperref/bookmark (HO)
)
("C:\Users\fotis\AppData\Local\Programs\MiKTeX 2.9\tex/latex/letltxmacro\letltx
macro.sty"
Package: letltxmacro 2019/12/03 v1.6 Let assignment for LaTeX macros (HO)
)
("C:\Users\fotis\AppData\Local\Programs\MiKTeX 2.9\tex/latex/auxhook\auxhook.st
y"
Package: auxhook 2019-12-17 v1.6 Hooks for auxiliary files (HO)
)
("C:\Users\fotis\AppData\Local\Programs\MiKTeX 2.9\tex/latex/kvoptions\kvoption
s.sty"
Package: kvoptions 2020-10-07 v3.14 Key value format for package options (HO)
)
\@linkdim=\dimen158
\Hy@linkcounter=\count267
\Hy@pagecounter=\count268

("C:\Users\fotis\AppData\Local\Programs\MiKTeX 2.9\tex/latex/hyperref\pd1enc.de
f"
File: pd1enc.def 2020-05-15 v7.00e Hyperref: PDFDocEncoding definition (HO)
Now handling font encoding PD1 ...
... no UTF-8 mapping file for font encoding PD1
)
("C:\Users\fotis\AppData\Local\Programs\MiKTeX 2.9\tex/generic/intcalc\intcalc.
sty"
Package: intcalc 2019/12/15 v1.3 Expandable calculations with integers (HO)
)
("C:\Users\fotis\AppData\Local\Programs\MiKTeX 2.9\tex/generic/etexcmds\etexcmd
s.sty"
Package: etexcmds 2019/12/15 v1.7 Avoid name clashes with e-TeX commands (HO)
)
\Hy@SavedSpaceFactor=\count269
Package hyperref Info: Hyper figures OFF on input line 4464.
Package hyperref Info: Link nesting OFF on input line 4469.
Package hyperref Info: Hyper index ON on input line 4472.
Package hyperref Info: Plain pages OFF on input line 4479.
Package hyperref Info: Backreferencing OFF on input line 4484.
Package hyperref Info: Implicit mode ON; LaTeX internals redefined.
Package hyperref Info: Bookmarks ON on input line 4717.
\c@Hy@tempcnt=\count270
 ("C:\Users\fotis\AppData\Local\Programs\MiKTeX 2.9\tex/latex/url\url.sty"
\Urlmuskip=\muskip17
Package: url 2013/09/16  ver 3.4  Verb mode for urls, etc.
)
LaTeX Info: Redefining \url on input line 5076.
\XeTeXLinkMargin=\dimen159

("C:\Users\fotis\AppData\Local\Programs\MiKTeX 2.9\tex/generic/bitset\bitset.st
y"
Package: bitset 2019/12/09 v1.3 Handle bit-vector datatype (HO)

("C:\Users\fotis\AppData\Local\Programs\MiKTeX 2.9\tex/generic/bigintcalc\bigin
tcalc.sty"
Package: bigintcalc 2019/12/15 v1.5 Expandable calculations on big integers (HO
)
))
\Fld@menulength=\count271
\Field@Width=\dimen160
\Fld@charsize=\dimen161
Package hyperref Info: Hyper figures OFF on input line 6347.
Package hyperref Info: Link nesting OFF on input line 6352.
Package hyperref Info: Hyper index ON on input line 6355.
Package hyperref Info: backreferencing OFF on input line 6362.
Package hyperref Info: Link coloring OFF on input line 6367.
Package hyperref Info: Link coloring with OCG OFF on input line 6372.
Package hyperref Info: PDF/A mode OFF on input line 6377.
LaTeX Info: Redefining \ref on input line 6417.
LaTeX Info: Redefining \pageref on input line 6421.

("C:\Users\fotis\AppData\Local\Programs\MiKTeX 2.9\tex/latex/base\atbegshi-ltx.
sty"
Package: atbegshi-ltx 2020/08/17 v1.0a Emulation of the original atbegshi packa
ge
with kernel methods
)
\Hy@abspage=\count272
\c@Item=\count273
\c@Hfootnote=\count274
)
Package hyperref Info: Driver (autodetected): hpdftex.

("C:\Users\fotis\AppData\Local\Programs\MiKTeX 2.9\tex/latex/hyperref\hpdftex.d
ef"
File: hpdftex.def 2020-05-15 v7.00e Hyperref driver for pdfTeX

("C:\Users\fotis\AppData\Local\Programs\MiKTeX 2.9\tex/latex/base\atveryend-ltx
.sty"
Package: atveryend-ltx 2020/08/19 v1.0a Emulation of the original atvery packag
e
with kernel methods
)
\Fld@listcount=\count275
\c@bookmark@seq@number=\count276

("C:\Users\fotis\AppData\Local\Programs\MiKTeX 2.9\tex/latex/rerunfilecheck\rer
unfilecheck.sty"
Package: rerunfilecheck 2019/12/05 v1.9 Rerun checks for auxiliary files (HO)

("C:\Users\fotis\AppData\Local\Programs\MiKTeX 2.9\tex/generic/uniquecounter\un
iquecounter.sty"
Package: uniquecounter 2019/12/15 v1.4 Provide unlimited unique counter (HO)
)
Package uniquecounter Info: New unique counter `rerunfilecheck' on input line 2
86.
)
\Hy@SectionHShift=\skip57
)
("C:\Users\fotis\AppData\Local\Programs\MiKTeX 2.9\tex/latex/float\float.sty"
Package: float 2001/11/08 v1.3d Float enhancements (AL)
\c@float@type=\count277
\float@exts=\toks21
\float@box=\box50
\@float@everytoks=\toks22
\@floatcapt=\box51
)
("C:\Users\fotis\AppData\Local\Programs\MiKTeX 2.9\tex/latex/was\gensymb.sty"
Package: gensymb 2003/07/02 v1.0 (WaS)
)
("C:\Users\fotis\AppData\Local\Programs\MiKTeX 2.9\tex/latex/setspace\setspace.
sty"
Package: setspace 2011/12/19 v6.7a set line spacing
)
("C:\Users\fotis\AppData\Local\Programs\MiKTeX 2.9\tex/latex/mdframed\mdframed.
sty"
Package: mdframed 2013/07/01 1.9b: mdframed

("C:\Users\fotis\AppData\Local\Programs\MiKTeX 2.9\tex/latex/l3packages/xparse\
xparse.sty"
("C:\Users\fotis\AppData\Local\Programs\MiKTeX 2.9\tex/latex/l3kernel\expl3.sty
"
Package: expl3 2020-12-07 L3 programming layer (loader) 

("C:\Users\fotis\AppData\Local\Programs\MiKTeX 2.9\tex/latex/l3backend\l3backen
d-pdftex.def"
File: l3backend-pdftex.def 2020-09-24 L3 backend support: PDF output (pdfTeX)
\l__kernel_color_stack_int=\count278
\l__pdf_internal_box=\box52
))
Package: xparse 2020-10-27 L3 Experimental document command parser

("C:\Users\fotis\AppData\Local\Programs\MiKTeX 2.9\tex/latex/l3packages/xparse\
xparse-generic.tex"))
("C:\Users\fotis\AppData\Local\Programs\MiKTeX 2.9\tex/latex/etoolbox\etoolbox.
sty"
Package: etoolbox 2020/10/05 v2.5k e-TeX tools for LaTeX (JAW)
\etb@tempcnta=\count279
)
("C:\Users\fotis\AppData\Local\Programs\MiKTeX 2.9\tex/latex/zref\zref-abspage.
sty"
Package: zref-abspage 2020-07-03 v2.32 Module abspage for zref (HO)

("C:\Users\fotis\AppData\Local\Programs\MiKTeX 2.9\tex/latex/zref\zref-base.sty
"
Package: zref-base 2020-07-03 v2.32 Module base for zref (HO)
Package zref Info: New property list: main on input line 764.
Package zref Info: New property: default on input line 765.
Package zref Info: New property: page on input line 766.
)
\c@abspage=\count280
Package zref Info: New property: abspage on input line 66.
)
("C:\Users\fotis\AppData\Local\Programs\MiKTeX 2.9\tex/latex/needspace\needspac
e.sty"
Package: needspace 2010/09/12 v1.3d reserve vertical space
)
("C:\Users\fotis\AppData\Local\Programs\MiKTeX 2.9\tex/latex/graphics\color.sty
"
Package: color 2020/02/24 v1.2b Standard LaTeX Color (DPC)

("C:\Users\fotis\AppData\Local\Programs\MiKTeX 2.9\tex/latex/graphics-cfg\color
.cfg"
File: color.cfg 2016/01/02 v1.6 sample color configuration
)
Package color Info: Driver file: pdftex.def on input line 147.

("C:\Users\fotis\AppData\Local\Programs\MiKTeX 2.9\tex/latex/graphics-def\pdfte
x.def"
File: pdftex.def 2020/10/05 v1.2a Graphics/color driver for pdftex
))
\mdf@templength=\skip58
\c@mdf@globalstyle@cnt=\count281
\mdf@skipabove@length=\skip59
\mdf@skipbelow@length=\skip60
\mdf@leftmargin@length=\skip61
\mdf@rightmargin@length=\skip62
\mdf@innerleftmargin@length=\skip63
\mdf@innerrightmargin@length=\skip64
\mdf@innertopmargin@length=\skip65
\mdf@innerbottommargin@length=\skip66
\mdf@splittopskip@length=\skip67
\mdf@splitbottomskip@length=\skip68
\mdf@outermargin@length=\skip69
\mdf@innermargin@length=\skip70
\mdf@linewidth@length=\skip71
\mdf@innerlinewidth@length=\skip72
\mdf@middlelinewidth@length=\skip73
\mdf@outerlinewidth@length=\skip74
\mdf@roundcorner@length=\skip75
\mdf@footenotedistance@length=\skip76
\mdf@userdefinedwidth@length=\skip77
\mdf@needspace@length=\skip78
\mdf@frametitleaboveskip@length=\skip79
\mdf@frametitlebelowskip@length=\skip80
\mdf@frametitlerulewidth@length=\skip81
\mdf@frametitleleftmargin@length=\skip82
\mdf@frametitlerightmargin@length=\skip83
\mdf@shadowsize@length=\skip84
\mdf@extratopheight@length=\skip85
\mdf@subtitleabovelinewidth@length=\skip86
\mdf@subtitlebelowlinewidth@length=\skip87
\mdf@subtitleaboveskip@length=\skip88
\mdf@subtitlebelowskip@length=\skip89
\mdf@subtitleinneraboveskip@length=\skip90
\mdf@subtitleinnerbelowskip@length=\skip91
\mdf@subsubtitleabovelinewidth@length=\skip92
\mdf@subsubtitlebelowlinewidth@length=\skip93
\mdf@subsubtitleaboveskip@length=\skip94
\mdf@subsubtitlebelowskip@length=\skip95
\mdf@subsubtitleinneraboveskip@length=\skip96
\mdf@subsubtitleinnerbelowskip@length=\skip97

("C:\Users\fotis\AppData\Local\Programs\MiKTeX 2.9\tex/latex/mdframed\md-frame-
0.mdf"
File: md-frame-0.mdf 2013/07/01\ 1.9b: md-frame-0
)
\mdf@frametitlebox=\box53
\mdf@footnotebox=\box54
\mdf@splitbox@one=\box55
\mdf@splitbox@two=\box56
\mdf@splitbox@save=\box57
\mdfsplitboxwidth=\skip98
\mdfsplitboxtotalwidth=\skip99
\mdfsplitboxheight=\skip100
\mdfsplitboxdepth=\skip101
\mdfsplitboxtotalheight=\skip102
\mdfframetitleboxwidth=\skip103
\mdfframetitleboxtotalwidth=\skip104
\mdfframetitleboxheight=\skip105
\mdfframetitleboxdepth=\skip106
\mdfframetitleboxtotalheight=\skip107
\mdffootnoteboxwidth=\skip108
\mdffootnoteboxtotalwidth=\skip109
\mdffootnoteboxheight=\skip110
\mdffootnoteboxdepth=\skip111
\mdffootnoteboxtotalheight=\skip112
\mdftotallinewidth=\skip113
\mdfboundingboxwidth=\skip114
\mdfboundingboxtotalwidth=\skip115
\mdfboundingboxheight=\skip116
\mdfboundingboxdepth=\skip117
\mdfboundingboxtotalheight=\skip118
\mdf@freevspace@length=\skip119
\mdf@horizontalwidthofbox@length=\skip120
\mdf@verticalmarginwhole@length=\skip121
\mdf@horizontalspaceofbox=\skip122
\mdfsubtitleheight=\skip123
\mdfsubsubtitleheight=\skip124
\c@mdfcountframes=\count282

****** mdframed patching \endmdf@trivlist

****** -- success******

\mdf@envdepth=\count283
\c@mdf@env@i=\count284
\c@mdf@env@ii=\count285
\c@mdf@zref@counter=\count286
Package zref Info: New property: mdf@pagevalue on input line 895.
)
("C:\Users\fotis\AppData\Local\Programs\MiKTeX 2.9\tex/latex/carlisle\slashed.s
ty"
Package: slashed 1997/01/16 v0.01 Feynman Slashed Character Notation (DPC)
)
("C:\Users\fotis\AppData\Local\Programs\MiKTeX 2.9\tex/latex/physics\physics.st
y"
Package: physics 
)
("C:\Users\fotis\AppData\Local\Programs\MiKTeX 2.9\tex/latex/braket\braket.sty"
)
("C:\Users\fotis\AppData\Local\Programs\MiKTeX 2.9\tex/latex/wrapfig\wrapfig.st
y"
\wrapoverhang=\dimen162
\WF@size=\dimen163
\c@WF@wrappedlines=\count287
\WF@box=\box58
\WF@everypar=\toks23
Package: wrapfig 2003/01/31  v 3.6
)
("C:\Users\fotis\AppData\Local\Programs\MiKTeX 2.9\tex/latex/tools\verbatim.sty
"
Package: verbatim 2019/11/10 v1.5r LaTeX2e package for verbatim enhancements
\every@verbatim=\toks24
\verbatim@line=\toks25
\verbatim@in@stream=\read2
)
("C:\Users\fotis\AppData\Local\Programs\MiKTeX 2.9\tex/latex/caption\caption.st
y"
Package: caption 2020/10/26 v3.5g Customizing captions (AR)

("C:\Users\fotis\AppData\Local\Programs\MiKTeX 2.9\tex/latex/caption\caption3.s
ty"
Package: caption3 2020/10/21 v2.2e caption3 kernel (AR)
\captionmargin=\dimen164
\captionmargin@=\dimen165
\captionwidth=\dimen166
\caption@tempdima=\dimen167
\caption@indent=\dimen168
\caption@parindent=\dimen169
\caption@hangindent=\dimen170
Package caption Info: Standard document class detected.
)
\c@caption@flags=\count288
\c@continuedfloat=\count289
Package caption Info: float package is loaded.
Package caption Info: hyperref package is loaded.
Package caption Info: wrapfig package is loaded.
)
("C:\Users\fotis\AppData\Local\Programs\MiKTeX 2.9\tex/latex/caption\subcaption
.sty"
Package: subcaption 2020/10/07 v1.3j Sub-captions (AR)
\c@subfigure=\count290
\c@subtable=\count291
)
("C:\Users\fotis\AppData\Local\Programs\MiKTeX 2.9\tex/latex/base\inputenc.sty"
Package: inputenc 2020/08/01 v1.3d Input encoding file
\inpenc@prehook=\toks26
\inpenc@posthook=\toks27
)
("C:\Users\fotis\AppData\Local\Programs\MiKTeX 2.9\tex/latex/listings\listings.
sty"
\lst@mode=\count292
\lst@gtempboxa=\box59
\lst@token=\toks28
\lst@length=\count293
\lst@currlwidth=\dimen171
\lst@column=\count294
\lst@pos=\count295
\lst@lostspace=\dimen172
\lst@width=\dimen173
\lst@newlines=\count296
\lst@lineno=\count297
\lst@maxwidth=\dimen174

("C:\Users\fotis\AppData\Local\Programs\MiKTeX 2.9\tex/latex/listings\lstmisc.s
ty"
File: lstmisc.sty 2020/03/24 1.8d (Carsten Heinz)
\c@lstnumber=\count298
\lst@skipnumbers=\count299
\lst@framebox=\box60
)
("C:\Users\fotis\AppData\Local\Programs\MiKTeX 2.9\tex/latex/listings\listings.
cfg"
File: listings.cfg 2020/03/24 1.8d listings configuration
))
Package: listings 2020/03/24 1.8d (Carsten Heinz)

("C:\Users\fotis\AppData\Local\Programs\MiKTeX 2.9\tex/latex/xcolor\xcolor.sty"
Package: xcolor 2016/05/11 v2.12 LaTeX color extensions (UK)

("C:\Users\fotis\AppData\Local\Programs\MiKTeX 2.9\tex/latex/graphics-cfg\color
.cfg"
File: color.cfg 2016/01/02 v1.6 sample color configuration
)
Package xcolor Info: Driver file: pdftex.def on input line 225.
LaTeX Info: Redefining \color on input line 709.
Package xcolor Info: Model `cmy' substituted by `cmy0' on input line 1348.
Package xcolor Info: Model `hsb' substituted by `rgb' on input line 1352.
Package xcolor Info: Model `RGB' extended on input line 1364.
Package xcolor Info: Model `HTML' substituted by `rgb' on input line 1366.
Package xcolor Info: Model `Hsb' substituted by `hsb' on input line 1367.
Package xcolor Info: Model `tHsb' substituted by `hsb' on input line 1368.
Package xcolor Info: Model `HSB' substituted by `hsb' on input line 1369.
Package xcolor Info: Model `Gray' substituted by `gray' on input line 1370.
Package xcolor Info: Model `wave' substituted by `hsb' on input line 1371.
) (lif.aux)
\openout1 = `lif.aux'.

LaTeX Font Info:    Checking defaults for OML/cmm/m/it on input line 53.
LaTeX Font Info:    ... okay on input line 53.
LaTeX Font Info:    Checking defaults for OMS/cmsy/m/n on input line 53.
LaTeX Font Info:    ... okay on input line 53.
LaTeX Font Info:    Checking defaults for OT1/cmr/m/n on input line 53.
LaTeX Font Info:    ... okay on input line 53.
LaTeX Font Info:    Checking defaults for T1/cmr/m/n on input line 53.
LaTeX Font Info:    ... okay on input line 53.
LaTeX Font Info:    Checking defaults for TS1/cmr/m/n on input line 53.
LaTeX Font Info:    ... okay on input line 53.
LaTeX Font Info:    Checking defaults for OMX/cmex/m/n on input line 53.
LaTeX Font Info:    ... okay on input line 53.
LaTeX Font Info:    Checking defaults for U/cmr/m/n on input line 53.
LaTeX Font Info:    ... okay on input line 53.
LaTeX Font Info:    Checking defaults for PD1/pdf/m/n on input line 53.
LaTeX Font Info:    ... okay on input line 53.

("C:\Users\fotis\AppData\Local\Programs\MiKTeX 2.9\tex/latex/graphics\graphicx.
sty"
Package: graphicx 2020/09/09 v1.2b Enhanced LaTeX Graphics (DPC,SPQR)

("C:\Users\fotis\AppData\Local\Programs\MiKTeX 2.9\tex/latex/graphics\graphics.
sty"
Package: graphics 2020/08/30 v1.4c Standard LaTeX Graphics (DPC,SPQR)

("C:\Users\fotis\AppData\Local\Programs\MiKTeX 2.9\tex/latex/graphics\trig.sty"
Package: trig 2016/01/03 v1.10 sin cos tan (DPC)
)
("C:\Users\fotis\AppData\Local\Programs\MiKTeX 2.9\tex/latex/graphics-cfg\graph
ics.cfg"
File: graphics.cfg 2016/06/04 v1.11 sample graphics configuration
)
Package graphics Info: Driver file: pdftex.def on input line 105.
)
\Gin@req@height=\dimen175
\Gin@req@width=\dimen176
)
Package hyperref Info: Link coloring OFF on input line 53.

("C:\Users\fotis\AppData\Local\Programs\MiKTeX 2.9\tex/latex/hyperref\nameref.s
ty"
Package: nameref 2019/09/16 v2.46 Cross-referencing by name of section

("C:\Users\fotis\AppData\Local\Programs\MiKTeX 2.9\tex/latex/refcount\refcount.
sty"
Package: refcount 2019/12/15 v3.6 Data extraction from label references (HO)
)
("C:\Users\fotis\AppData\Local\Programs\MiKTeX 2.9\tex/generic/gettitlestring\g
ettitlestring.sty"
Package: gettitlestring 2019/12/15 v1.6 Cleanup title references (HO)
)
\c@section@level=\count300
)
LaTeX Info: Redefining \ref on input line 53.
LaTeX Info: Redefining \pageref on input line 53.
LaTeX Info: Redefining \nameref on input line 53.
 (lif.out) (lif.out)
\@outlinefile=\write3
\openout3 = `lif.out'.

LaTeX Info: Redefining \celsius on input line 53.
Package gensymb Info: Faking symbols for \degree and \celsius on input line 53.



Package gensymb Warning: Not defining \perthousand.

LaTeX Info: Redefining \ohm on input line 53.
Package gensymb Info: Using \Omega for \ohm on input line 53.

Package gensymb Warning: Not defining \micro.


("C:\Users\fotis\AppData\Local\Programs\MiKTeX 2.9\tex/context/base/mkii\supp-p
df.mkii"
[Loading MPS to PDF converter (version 2006.09.02).]
\scratchcounter=\count301
\scratchdimen=\dimen177
\scratchbox=\box61
\nofMPsegments=\count302
\nofMParguments=\count303
\everyMPshowfont=\toks29
\MPscratchCnt=\count304
\MPscratchDim=\dimen178
\MPnumerator=\count305
\makeMPintoPDFobject=\count306
\everyMPtoPDFconversion=\toks30
)
("C:\Users\fotis\AppData\Local\Programs\MiKTeX 2.9\tex/latex/epstopdf-pkg\epsto
pdf-base.sty"
Package: epstopdf-base 2020-01-24 v2.11 Base part for package epstopdf
Package epstopdf-base Info: Redefining graphics rule for `.eps' on input line 4
85.
)
Package caption Info: Begin \AtBeginDocument code.
Package caption Info: listings package is loaded.
Package caption Info: End \AtBeginDocument code.
\c@lstlisting=\count307
<mets.png, id=63, 1028.84375pt x 1027.84pt>
File: mets.png Graphic file (type png)
<use mets.png>
Package pdftex.def Info: mets.png  used on input line 71.
(pdftex.def)             Requested size: 135.89174pt x 135.75685pt.
 [1

{C:/Users/fotis/AppData/Local/MiKTeX/2.9/pdftex/config/pdftex.map} <./mets.png>
] (lif.toc
LaTeX Font Info:    Trying to load font information for U+msa on input line 3.

("C:\Users\fotis\AppData\Local\Programs\MiKTeX 2.9\tex/latex/amsfonts\umsa.fd"
File: umsa.fd 2013/01/14 v3.01 AMS symbols A
)
LaTeX Font Info:    Trying to load font information for U+msb on input line 3.
("C:\Users\fotis\AppData\Local\Programs\MiKTeX 2.9\tex/latex/amsfonts\umsb.fd"
File: umsb.fd 2013/01/14 v3.01 AMS symbols B
))
\tf@toc=\write4
\openout4 = `lif.toc'.

pdfTeX warning (ext4): destination with the same identifier (name{page.1}) has 
been already used, duplicate ignored
<to be read again> 
                   \relax 
l.91 
      [1]
! Misplaced \noalign.
\hline ->\noalign 
                  {\ifnum 0=`}\fi \hrule \@height \arrayrulewidth \futurelet...
l.92 \hline
           
I expect to see \noalign only after the \cr of
an alignment. Proceed, and I'll ignore this case.

! Misplaced \noalign.
\hline ->\noalign 
                  {\ifnum 0=`}\fi \hrule \@height \arrayrulewidth \futurelet...
l.96 \hline
           
I expect to see \noalign only after the \cr of
an alignment. Proceed, and I'll ignore this case.

<lif_single.png, id=97, 433.62pt x 289.08pt>
File: lif_single.png Graphic file (type png)
<use lif_single.png>
Package pdftex.def Info: lif_single.png  used on input line 116.
(pdftex.def)             Requested size: 362.37569pt x 241.59486pt.
[2] [3 <./lif_single.png>]

Package hyperref Warning: Token not allowed in a PDF string (PDFDocEncoding):
(hyperref)                removing `math shift' on input line 138.


Package hyperref Warning: Token not allowed in a PDF string (PDFDocEncoding):
(hyperref)                removing `\Delta' on input line 138.


Package hyperref Warning: Token not allowed in a PDF string (PDFDocEncoding):
(hyperref)                removing `\omega' on input line 138.


Package hyperref Warning: Token not allowed in a PDF string (PDFDocEncoding):
(hyperref)                removing `math shift' on input line 138.


Package hyperref Warning: Token not allowed in a PDF string (PDFDocEncoding):
(hyperref)                removing `math shift' on input line 138.


Package hyperref Warning: Token not allowed in a PDF string (PDFDocEncoding):
(hyperref)                removing `math shift' on input line 138.

<u_N=50.png, id=136, 433.62pt x 289.08pt>
File: u_N=50.png Graphic file (type png)
<use u_N=50.png>
Package pdftex.def Info: u_N=50.png  used on input line 144.
(pdftex.def)             Requested size: 144.95303pt x 96.63617pt.
<u_N=60.png, id=137, 433.62pt x 289.08pt>
File: u_N=60.png Graphic file (type png)
<use u_N=60.png>
Package pdftex.def Info: u_N=60.png  used on input line 151.
(pdftex.def)             Requested size: 144.95303pt x 96.63617pt.
<u_N=70.png, id=138, 433.62pt x 289.08pt>
File: u_N=70.png Graphic file (type png)
<use u_N=70.png>
Package pdftex.def Info: u_N=70.png  used on input line 158.
(pdftex.def)             Requested size: 144.95303pt x 96.63617pt.
<u_N=80.png, id=139, 433.62pt x 289.08pt>
File: u_N=80.png Graphic file (type png)
<use u_N=80.png>
Package pdftex.def Info: u_N=80.png  used on input line 164.
(pdftex.def)             Requested size: 144.95303pt x 96.63617pt.
<u_N=90.png, id=140, 433.62pt x 289.08pt>
File: u_N=90.png Graphic file (type png)
<use u_N=90.png>
Package pdftex.def Info: u_N=90.png  used on input line 171.
(pdftex.def)             Requested size: 144.95303pt x 96.63617pt.
<u_N=100.png, id=141, 433.62pt x 289.08pt>
File: u_N=100.png Graphic file (type png)
<use u_N=100.png>
Package pdftex.def Info: u_N=100.png  used on input line 178.
(pdftex.def)             Requested size: 144.95303pt x 96.63617pt.
<w_N=50.png, id=142, 433.62pt x 289.08pt>
File: w_N=50.png Graphic file (type png)
<use w_N=50.png>
Package pdftex.def Info: w_N=50.png  used on input line 189.
(pdftex.def)             Requested size: 144.95303pt x 96.63617pt.
<w_N=60.png, id=143, 433.62pt x 289.08pt>
File: w_N=60.png Graphic file (type png)
<use w_N=60.png>
Package pdftex.def Info: w_N=60.png  used on input line 196.
(pdftex.def)             Requested size: 144.95303pt x 96.63617pt.
<w_N=70.png, id=144, 433.62pt x 289.08pt>
File: w_N=70.png Graphic file (type png)
<use w_N=70.png>
Package pdftex.def Info: w_N=70.png  used on input line 203.
(pdftex.def)             Requested size: 144.95303pt x 96.63617pt.
<w_N=80.png, id=145, 433.62pt x 289.08pt>
File: w_N=80.png Graphic file (type png)
<use w_N=80.png>
Package pdftex.def Info: w_N=80.png  used on input line 209.
(pdftex.def)             Requested size: 144.95303pt x 96.63617pt.
<w_N=90.png, id=146, 433.62pt x 289.08pt>
File: w_N=90.png Graphic file (type png)
<use w_N=90.png>
Package pdftex.def Info: w_N=90.png  used on input line 216.
(pdftex.def)             Requested size: 144.95303pt x 96.63617pt.
<w_N=100.png, id=147, 433.62pt x 289.08pt>
File: w_N=100.png Graphic file (type png)
<use w_N=100.png>
Package pdftex.def Info: w_N=100.png  used on input line 223.
(pdftex.def)             Requested size: 144.95303pt x 96.63617pt.
[4 <./u_N=50.png> <./u_N=60.png> <./u_N=70.png> <./u_N=80.png> <./u_N=90.png> <
./u_N=100.png>]
<deltaw_scatter.png, id=166, 433.62pt x 289.08pt>
File: deltaw_scatter.png Graphic file (type png)
<use deltaw_scatter.png>
Package pdftex.def Info: deltaw_scatter.png  used on input line 233.
(pdftex.def)             Requested size: 271.7835pt x 181.19945pt.


Package hyperref Warning: Token not allowed in a PDF string (PDFDocEncoding):
(hyperref)                removing `math shift' on input line 239.


Package hyperref Warning: Token not allowed in a PDF string (PDFDocEncoding):
(hyperref)                removing `\sigma' on input line 239.


Package hyperref Warning: Token not allowed in a PDF string (PDFDocEncoding):
(hyperref)                removing `math shift' on input line 239.

<u_sigma=1.5.png, id=169, 433.62pt x 289.08pt>
File: u_sigma=1.5.png Graphic file (type png)
<use u_sigma=1.5.png>
Package pdftex.def Info: u_sigma=1.5.png  used on input line 246.
(pdftex.def)             Requested size: 144.95303pt x 96.63617pt.
<u_sigma=1.6.png, id=170, 433.62pt x 289.08pt>
File: u_sigma=1.6.png Graphic file (type png)
<use u_sigma=1.6.png>
Package pdftex.def Info: u_sigma=1.6.png  used on input line 253.
(pdftex.def)             Requested size: 144.95303pt x 96.63617pt.
<u_sigma=1.7.png, id=171, 433.62pt x 289.08pt>
File: u_sigma=1.7.png Graphic file (type png)
<use u_sigma=1.7.png>
Package pdftex.def Info: u_sigma=1.7.png  used on input line 260.
(pdftex.def)             Requested size: 144.95303pt x 96.63617pt.
<w_sigma=1.5.png, id=172, 433.62pt x 289.08pt>
File: w_sigma=1.5.png Graphic file (type png)
<use w_sigma=1.5.png>
Package pdftex.def Info: w_sigma=1.5.png  used on input line 266.
(pdftex.def)             Requested size: 144.95303pt x 96.63617pt.
<w_sigma=1.6.png, id=173, 433.62pt x 289.08pt>
File: w_sigma=1.6.png Graphic file (type png)
<use w_sigma=1.6.png>
Package pdftex.def Info: w_sigma=1.6.png  used on input line 273.
(pdftex.def)             Requested size: 144.95303pt x 96.63617pt.
<w_sigma=1.7.png, id=174, 433.62pt x 289.08pt>
File: w_sigma=1.7.png Graphic file (type png)
<use w_sigma=1.7.png>
Package pdftex.def Info: w_sigma=1.7.png  used on input line 280.
(pdftex.def)             Requested size: 144.95303pt x 96.63617pt.
[5 <./w_N=50.png> <./w_N=60.png> <./w_N=70.png> <./w_N=80.png> <./w_N=90.png> <
./w_N=100.png> <./deltaw_scatter.png>]
<deltaw.png, id=190, 433.62pt x 289.08pt>
File: deltaw.png Graphic file (type png)
<use deltaw.png>
Package pdftex.def Info: deltaw.png  used on input line 289.
(pdftex.def)             Requested size: 271.7835pt x 181.19945pt.
<u_seed=64856_t=1000.png, id=193, 433.62pt x 289.08pt>
File: u_seed=64856_t=1000.png Graphic file (type png)
<use u_seed=64856_t=1000.png>
Package pdftex.def Info: u_seed=64856_t=1000.png  used on input line 300.
(pdftex.def)             Requested size: 221.95676pt x 147.97139pt.
<u_seed=38958_t=1000.png, id=194, 433.62pt x 289.08pt>
File: u_seed=38958_t=1000.png Graphic file (type png)
<use u_seed=38958_t=1000.png>
Package pdftex.def Info: u_seed=38958_t=1000.png  used on input line 307.
(pdftex.def)             Requested size: 221.95676pt x 147.97139pt.
 [6 <./u_sigma=1.5.png> <./u_sigma=1.6.png> <./u_sigma=1.7.png> <./w_sigma=1.5.
png> <./w_sigma=1.6.png> <./w_sigma=1.7.png> <./deltaw.png>]
<u_seed=70893_t=1000.png, id=210, 433.62pt x 289.08pt>
File: u_seed=70893_t=1000.png Graphic file (type png)
<use u_seed=70893_t=1000.png>
Package pdftex.def Info: u_seed=70893_t=1000.png  used on input line 318.
(pdftex.def)             Requested size: 221.95676pt x 147.97139pt.
<u_seed=70893_t=4000.png, id=211, 433.62pt x 289.08pt>
File: u_seed=70893_t=4000.png Graphic file (type png)
<use u_seed=70893_t=4000.png>
Package pdftex.def Info: u_seed=70893_t=4000.png  used on input line 325.
(pdftex.def)             Requested size: 221.95676pt x 147.97139pt.
<u_seed=27027_t=1000.png, id=212, 433.62pt x 289.08pt>
File: u_seed=27027_t=1000.png Graphic file (type png)
<use u_seed=27027_t=1000.png>
Package pdftex.def Info: u_seed=27027_t=1000.png  used on input line 336.
(pdftex.def)             Requested size: 221.95676pt x 147.97139pt.
<u_seed=27027_t=4000.png, id=213, 433.62pt x 289.08pt>
File: u_seed=27027_t=4000.png Graphic file (type png)
<use u_seed=27027_t=4000.png>
Package pdftex.def Info: u_seed=27027_t=4000.png  used on input line 342.
(pdftex.def)             Requested size: 221.95676pt x 147.97139pt.
 [7 <./u_seed=64856_t=1000.png> <./u_seed=38958_t=1000.png> <./u_seed=70893_t=1
000.png> <./u_seed=70893_t=4000.png>]
<u_N=200_sigma=1.4_t=1000.png, id=228, 433.62pt x 289.08pt>
File: u_N=200_sigma=1.4_t=1000.png Graphic file (type png)
<use u_N=200_sigma=1.4_t=1000.png>
Package pdftex.def Info: u_N=200_sigma=1.4_t=1000.png  used on input line 358.
(pdftex.def)             Requested size: 221.95676pt x 147.97139pt.
<u_N=200_sigma=1.4_t=4000.png, id=229, 433.62pt x 289.08pt>
File: u_N=200_sigma=1.4_t=4000.png Graphic file (type png)
<use u_N=200_sigma=1.4_t=4000.png>
Package pdftex.def Info: u_N=200_sigma=1.4_t=4000.png  used on input line 363.
(pdftex.def)             Requested size: 221.95676pt x 147.97139pt.
<w_N=200_sigma=1.4_t=4000.png, id=230, 433.62pt x 289.08pt>
File: w_N=200_sigma=1.4_t=4000.png Graphic file (type png)
<use w_N=200_sigma=1.4_t=4000.png>
Package pdftex.def Info: w_N=200_sigma=1.4_t=4000.png  used on input line 372.
(pdftex.def)             Requested size: 271.7835pt x 181.19945pt.
 [8 <./u_seed=27027_t=1000.png> <./u_seed=27027_t=4000.png> <./u_N=200_sigma=1.
4_t=1000.png> <./u_N=200_sigma=1.4_t=4000.png>]

Package hyperref Warning: Token not allowed in a PDF string (PDFDocEncoding):
(hyperref)                removing `math shift' on input line 377.


Package hyperref Warning: Token not allowed in a PDF string (PDFDocEncoding):
(hyperref)                removing `\lambda' on input line 377.


Package hyperref Warning: Token not allowed in a PDF string (PDFDocEncoding):
(hyperref)                removing `math shift' on input line 377.

<deltawvslmd.png, id=244, 433.62pt x 289.08pt>
File: deltawvslmd.png Graphic file (type png)
<use deltawvslmd.png>
Package pdftex.def Info: deltawvslmd.png  used on input line 382.
(pdftex.def)             Requested size: 271.7835pt x 181.19945pt.
<u_lambda=1.0_t=2000.png, id=245, 433.62pt x 289.08pt>
File: u_lambda=1.0_t=2000.png Graphic file (type png)
<use u_lambda=1.0_t=2000.png>
Package pdftex.def Info: u_lambda=1.0_t=2000.png  used on input line 391.
(pdftex.def)             Requested size: 144.95303pt x 96.63617pt.
<u_lambda=0.99_t=2000.png, id=246, 433.62pt x 289.08pt>
File: u_lambda=0.99_t=2000.png Graphic file (type png)
<use u_lambda=0.99_t=2000.png>
Package pdftex.def Info: u_lambda=0.99_t=2000.png  used on input line 398.
(pdftex.def)             Requested size: 144.95303pt x 96.63617pt.
<u_lambda=0.98_t=2000.png, id=247, 433.62pt x 289.08pt>
File: u_lambda=0.98_t=2000.png Graphic file (type png)
<use u_lambda=0.98_t=2000.png>
Package pdftex.def Info: u_lambda=0.98_t=2000.png  used on input line 405.
(pdftex.def)             Requested size: 144.95303pt x 96.63617pt.
<u_lambda=0.97_t=2000.png, id=248, 433.62pt x 289.08pt>
File: u_lambda=0.97_t=2000.png Graphic file (type png)
<use u_lambda=0.97_t=2000.png>
Package pdftex.def Info: u_lambda=0.97_t=2000.png  used on input line 411.
(pdftex.def)             Requested size: 144.95303pt x 96.63617pt.
<u_lambda=0.96_t=2000.png, id=249, 433.62pt x 289.08pt>
File: u_lambda=0.96_t=2000.png Graphic file (type png)
<use u_lambda=0.96_t=2000.png>
Package pdftex.def Info: u_lambda=0.96_t=2000.png  used on input line 418.
(pdftex.def)             Requested size: 144.95303pt x 96.63617pt.
<u_lambda=0.95_t=2000.png, id=250, 433.62pt x 289.08pt>
File: u_lambda=0.95_t=2000.png Graphic file (type png)
<use u_lambda=0.95_t=2000.png>
Package pdftex.def Info: u_lambda=0.95_t=2000.png  used on input line 425.
(pdftex.def)             Requested size: 144.95303pt x 96.63617pt.
<u_lambda=0.94_t=2000.png, id=251, 433.62pt x 289.08pt>
File: u_lambda=0.94_t=2000.png Graphic file (type png)
<use u_lambda=0.94_t=2000.png>
Package pdftex.def Info: u_lambda=0.94_t=2000.png  used on input line 432.
(pdftex.def)             Requested size: 144.95303pt x 96.63617pt.
<u_lambda=0.93_t=2000.png, id=252, 433.62pt x 289.08pt>
File: u_lambda=0.93_t=2000.png Graphic file (type png)
<use u_lambda=0.93_t=2000.png>
Package pdftex.def Info: u_lambda=0.93_t=2000.png  used on input line 439.
(pdftex.def)             Requested size: 144.95303pt x 96.63617pt.
<u_lambda=0.92_t=2000.png, id=253, 433.62pt x 289.08pt>
File: u_lambda=0.92_t=2000.png Graphic file (type png)
<use u_lambda=0.92_t=2000.png>
Package pdftex.def Info: u_lambda=0.92_t=2000.png  used on input line 446.
(pdftex.def)             Requested size: 144.95303pt x 96.63617pt.
<u_lambda=0.91_t=2000.png, id=254, 433.62pt x 289.08pt>
File: u_lambda=0.91_t=2000.png Graphic file (type png)
<use u_lambda=0.91_t=2000.png>
Package pdftex.def Info: u_lambda=0.91_t=2000.png  used on input line 452.
(pdftex.def)             Requested size: 144.95303pt x 96.63617pt.
<u_lambda=0.9_t=2000.png, id=255, 433.62pt x 289.08pt>
File: u_lambda=0.9_t=2000.png Graphic file (type png)
<use u_lambda=0.9_t=2000.png>
Package pdftex.def Info: u_lambda=0.9_t=2000.png  used on input line 459.
(pdftex.def)             Requested size: 144.95303pt x 96.63617pt.
<u_lambda=0.8_t=2000.png, id=256, 433.62pt x 289.08pt>
File: u_lambda=0.8_t=2000.png Graphic file (type png)
<use u_lambda=0.8_t=2000.png>
Package pdftex.def Info: u_lambda=0.8_t=2000.png  used on input line 466.
(pdftex.def)             Requested size: 144.95303pt x 96.63617pt.
[9 <./w_N=200_sigma=1.4_t=4000.png> <./deltawvslmd.png>]
<w_lambda=1.0_t=2000.png, id=266, 433.62pt x 289.08pt>
File: w_lambda=1.0_t=2000.png Graphic file (type png)
<use w_lambda=1.0_t=2000.png>
Package pdftex.def Info: w_lambda=1.0_t=2000.png  used on input line 478.
(pdftex.def)             Requested size: 144.95303pt x 96.63617pt.
<w_lambda=0.99_t=2000.png, id=267, 433.62pt x 289.08pt>
File: w_lambda=0.99_t=2000.png Graphic file (type png)
<use w_lambda=0.99_t=2000.png>
Package pdftex.def Info: w_lambda=0.99_t=2000.png  used on input line 485.
(pdftex.def)             Requested size: 144.95303pt x 96.63617pt.
<w_lambda=0.98_t=2000.png, id=268, 433.62pt x 289.08pt>
File: w_lambda=0.98_t=2000.png Graphic file (type png)
<use w_lambda=0.98_t=2000.png>
Package pdftex.def Info: w_lambda=0.98_t=2000.png  used on input line 492.
(pdftex.def)             Requested size: 144.95303pt x 96.63617pt.
<w_lambda=0.97_t=2000.png, id=269, 433.62pt x 289.08pt>
File: w_lambda=0.97_t=2000.png Graphic file (type png)
<use w_lambda=0.97_t=2000.png>
Package pdftex.def Info: w_lambda=0.97_t=2000.png  used on input line 498.
(pdftex.def)             Requested size: 144.95303pt x 96.63617pt.
<w_lambda=0.96_t=2000.png, id=270, 433.62pt x 289.08pt>
File: w_lambda=0.96_t=2000.png Graphic file (type png)
<use w_lambda=0.96_t=2000.png>
Package pdftex.def Info: w_lambda=0.96_t=2000.png  used on input line 505.
(pdftex.def)             Requested size: 144.95303pt x 96.63617pt.
<w_lambda=0.95_t=2000.png, id=271, 433.62pt x 289.08pt>
File: w_lambda=0.95_t=2000.png Graphic file (type png)
<use w_lambda=0.95_t=2000.png>
Package pdftex.def Info: w_lambda=0.95_t=2000.png  used on input line 512.
(pdftex.def)             Requested size: 144.95303pt x 96.63617pt.
<w_lambda=0.94_t=2000.png, id=272, 433.62pt x 289.08pt>
File: w_lambda=0.94_t=2000.png Graphic file (type png)
<use w_lambda=0.94_t=2000.png>
Package pdftex.def Info: w_lambda=0.94_t=2000.png  used on input line 519.
(pdftex.def)             Requested size: 144.95303pt x 96.63617pt.
<w_lambda=0.93_t=2000.png, id=273, 433.62pt x 289.08pt>
File: w_lambda=0.93_t=2000.png Graphic file (type png)
<use w_lambda=0.93_t=2000.png>
Package pdftex.def Info: w_lambda=0.93_t=2000.png  used on input line 526.
(pdftex.def)             Requested size: 144.95303pt x 96.63617pt.
<w_lambda=0.92_t=2000.png, id=274, 433.62pt x 289.08pt>
File: w_lambda=0.92_t=2000.png Graphic file (type png)
<use w_lambda=0.92_t=2000.png>
Package pdftex.def Info: w_lambda=0.92_t=2000.png  used on input line 533.
(pdftex.def)             Requested size: 144.95303pt x 96.63617pt.
<w_lambda=0.91_t=2000.png, id=275, 433.62pt x 289.08pt>
File: w_lambda=0.91_t=2000.png Graphic file (type png)
<use w_lambda=0.91_t=2000.png>
Package pdftex.def Info: w_lambda=0.91_t=2000.png  used on input line 540.
(pdftex.def)             Requested size: 144.95303pt x 96.63617pt.
<w_lambda=0.9_t=2000.png, id=276, 433.62pt x 289.08pt>
File: w_lambda=0.9_t=2000.png Graphic file (type png)
<use w_lambda=0.9_t=2000.png>
Package pdftex.def Info: w_lambda=0.9_t=2000.png  used on input line 546.
(pdftex.def)             Requested size: 144.95303pt x 96.63617pt.
 [10 <./u_lambda=1.0_t=2000.png> <./u_lambda=0.99_t=2000.png> <./u_lambda=0.98_
t=2000.png> <./u_lambda=0.97_t=2000.png> <./u_lambda=0.96_t=2000.png> <./u_lamb
da=0.95_t=2000.png> <./u_lambda=0.94_t=2000.png> <./u_lambda=0.93_t=2000.png> <
./u_lambda=0.92_t=2000.png> <./u_lambda=0.91_t=2000.png> <./u_lambda=0.9_t=2000
.png> <./u_lambda=0.8_t=2000.png>] [11 <./w_lambda=1.0_t=2000.png> <./w_lambda=
0.99_t=2000.png> <./w_lambda=0.98_t=2000.png> <./w_lambda=0.97_t=2000.png> <./w
_lambda=0.96_t=2000.png> <./w_lambda=0.95_t=2000.png> <./w_lambda=0.94_t=2000.p
ng> <./w_lambda=0.93_t=2000.png> <./w_lambda=0.92_t=2000.png> <./w_lambda=0.91_
t=2000.png> <./w_lambda=0.9_t=2000.png>]
("C:\Users\fotis\AppData\Local\Programs\MiKTeX 2.9\tex/latex/listings\lstlang1.
sty"
File: lstlang1.sty 2020/03/24 1.8d listings language file
)
Package hyperref Info: bookmark level for unknown lstlisting defaults to 0 on i
nput line 560.
 (runner.py [12] [13]) [14] [15] (lif.aux)
Package rerunfilecheck Info: File `lif.out' has not changed.
(rerunfilecheck)             Checksum: FA941A787182B40EF52C440EEC107039;999.
 ) 
Here is how much of TeX's memory you used:
 12899 strings out of 479697
 201480 string characters out of 2865196
 994345 words of memory out of 3000000
 29525 multiletter control sequences out of 15000+200000
 415339 words of font info for 73 fonts, out of 3000000 for 9000
 1141 hyphenation exceptions out of 8191
 78i,9n,86p,821b,2092s stack positions out of 5000i,500n,10000p,200000b,50000s
pdfTeX warning (dest): name{lstnumber.-1.139} has been referenced but does no
t exist, replaced by a fixed one

<C:/Users/fotis/AppData/Local/Programs/MiKTeX 2.9/fonts/type1/public/amsfonts/c
m/cmbx10.pfb><C:/Users/fotis/AppData/Local/Programs/MiKTeX 2.9/fonts/type1/publ
ic/amsfonts/cm/cmbx12.pfb><C:/Users/fotis/AppData/Local/Programs/MiKTeX 2.9/fon
ts/type1/public/amsfonts/cm/cmex10.pfb><C:/Users/fotis/AppData/Local/Programs/M
iKTeX 2.9/fonts/type1/public/amsfonts/cm/cmmi10.pfb><C:/Users/fotis/AppData/Loc
al/Programs/MiKTeX 2.9/fonts/type1/public/amsfonts/cm/cmmi12.pfb><C:/Users/foti
s/AppData/Local/Programs/MiKTeX 2.9/fonts/type1/public/amsfonts/cm/cmmi8.pfb><C
:/Users/fotis/AppData/Local/Programs/MiKTeX 2.9/fonts/type1/public/amsfonts/cm/
cmr10.pfb><C:/Users/fotis/AppData/Local/Programs/MiKTeX 2.9/fonts/type1/public/
amsfonts/cm/cmr12.pfb><C:/Users/fotis/AppData/Local/Programs/MiKTeX 2.9/fonts/t
ype1/public/amsfonts/cm/cmr17.pfb><C:/Users/fotis/AppData/Local/Programs/MiKTeX
 2.9/fonts/type1/public/amsfonts/cm/cmr6.pfb><C:/Users/fotis/AppData/Local/Prog
rams/MiKTeX 2.9/fonts/type1/public/amsfonts/cm/cmr8.pfb><C:/Users/fotis/AppData
/Local/Programs/MiKTeX 2.9/fonts/type1/public/amsfonts/cm/cmsy10.pfb><C:/Users/
fotis/AppData/Local/Programs/MiKTeX 2.9/fonts/type1/public/amsfonts/cm/cmsy8.pf
b><C:/Users/fotis/AppData/Local/Programs/MiKTeX 2.9/fonts/type1/public/amsfonts
/cm/cmti12.pfb><C:/Users/fotis/AppData/Local/Programs/MiKTeX 2.9/fonts/type1/pu
blic/amsfonts/cm/cmtt10.pfb><C:/Users/fotis/AppData/Local/Programs/MiKTeX 2.9/f
onts/type1/public/amsfonts/cm/cmtt12.pfb><C:/Users/fotis/AppData/Local/Programs
/MiKTeX 2.9/fonts/type1/public/amsfonts/symbols/msam10.pfb>
Output written on lif.pdf (16 pages, 8828033 bytes).
PDF statistics:
 562 PDF objects out of 1000 (max. 8388607)
 193 named destinations out of 1000 (max. 500000)
 396 words of extra memory for PDF output out of 10000 (max. 10000000)

