This is pdfTeX, Version 3.14159265-2.6-1.40.21 (MiKTeX 20.12) (preloaded format=pdflatex 2020.12.21)  30 JUN 2021 01:52
entering extended mode
**./lifpres.tex
(lifpres.tex
LaTeX2e <2020-10-01> patch level 2
L3 programming layer <2020-12-07> xparse <2020-03-03>
("C:\Users\fotis\AppData\Local\Programs\MiKTeX 2.9\tex/latex/beamer\beamer.cls"
Document Class: beamer 2021/05/26 v3.63 A class for typesetting presentations

("C:\Users\fotis\AppData\Local\Programs\MiKTeX 2.9\tex/latex/beamer\beamerbasem
odes.sty"
("C:\Users\fotis\AppData\Local\Programs\MiKTeX 2.9\tex/latex/etoolbox\etoolbox.
sty"
Package: etoolbox 2020/10/05 v2.5k e-TeX tools for LaTeX (JAW)
\etb@tempcnta=\count177
)
\beamer@tempbox=\box47
\beamer@tempcount=\count178
\c@beamerpauses=\count179

("C:\Users\fotis\AppData\Local\Programs\MiKTeX 2.9\tex/latex/beamer\beamerbased
ecode.sty"
\beamer@slideinframe=\count180
\beamer@minimum=\count181
\beamer@decode@box=\box48
)
\beamer@commentbox=\box49
\beamer@modecount=\count182
)
("C:\Users\fotis\AppData\Local\Programs\MiKTeX 2.9\tex/generic/iftex\ifpdf.sty"
Package: ifpdf 2019/10/25 v3.4 ifpdf legacy package. Use iftex instead.
("C:\Users\fotis\AppData\Local\Programs\MiKTeX 2.9\tex/generic/iftex\iftex.sty"
Package: iftex 2020/03/06 v1.0d TeX engine tests
))
\headdp=\dimen138
\footheight=\dimen139
\sidebarheight=\dimen140
\beamer@tempdim=\dimen141
\beamer@finalheight=\dimen142
\beamer@animht=\dimen143
\beamer@animdp=\dimen144
\beamer@animwd=\dimen145
\beamer@leftmargin=\dimen146
\beamer@rightmargin=\dimen147
\beamer@leftsidebar=\dimen148
\beamer@rightsidebar=\dimen149
\beamer@boxsize=\dimen150
\beamer@vboxoffset=\dimen151
\beamer@descdefault=\dimen152
\beamer@descriptionwidth=\dimen153
\beamer@lastskip=\skip47
\beamer@areabox=\box50
\beamer@animcurrent=\box51
\beamer@animshowbox=\box52
\beamer@sectionbox=\box53
\beamer@logobox=\box54
\beamer@linebox=\box55
\beamer@sectioncount=\count183
\beamer@subsubsectionmax=\count184
\beamer@subsectionmax=\count185
\beamer@sectionmax=\count186
\beamer@totalheads=\count187
\beamer@headcounter=\count188
\beamer@partstartpage=\count189
\beamer@sectionstartpage=\count190
\beamer@subsectionstartpage=\count191
\beamer@animationtempa=\count192
\beamer@animationtempb=\count193
\beamer@xpos=\count194
\beamer@ypos=\count195
\beamer@ypos@offset=\count196
\beamer@showpartnumber=\count197
\beamer@currentsubsection=\count198
\beamer@coveringdepth=\count199
\beamer@sectionadjust=\count266
\beamer@toclastsection=\count267
\beamer@tocsectionnumber=\count268

("C:\Users\fotis\AppData\Local\Programs\MiKTeX 2.9\tex/latex/beamer\beamerbaseo
ptions.sty"
("C:\Users\fotis\AppData\Local\Programs\MiKTeX 2.9\tex/latex/graphics\keyval.st
y"
Package: keyval 2014/10/28 v1.15 key=value parser (DPC)
\KV@toks@=\toks15
))
\beamer@paperwidth=\skip48
\beamer@paperheight=\skip49

("C:\Users\fotis\AppData\Local\Programs\MiKTeX 2.9\tex/latex/geometry\geometry.
sty"
Package: geometry 2020/01/02 v5.9 Page Geometry

("C:\Users\fotis\AppData\Local\Programs\MiKTeX 2.9\tex/generic/iftex\ifvtex.sty
"
Package: ifvtex 2019/10/25 v1.7 ifvtex legacy package. Use iftex instead.
)
\Gm@cnth=\count269
\Gm@cntv=\count270
\c@Gm@tempcnt=\count271
\Gm@bindingoffset=\dimen154
\Gm@wd@mp=\dimen155
\Gm@odd@mp=\dimen156
\Gm@even@mp=\dimen157
\Gm@layoutwidth=\dimen158
\Gm@layoutheight=\dimen159
\Gm@layouthoffset=\dimen160
\Gm@layoutvoffset=\dimen161
\Gm@dimlist=\toks16

("C:\Users\fotis\AppData\Local\Programs\MiKTeX 2.9\tex/latex/geometry\geometry.
cfg"))
("C:\Users\fotis\AppData\Local\Programs\MiKTeX 2.9\tex/latex/base\size11.clo"
File: size11.clo 2020/04/10 v1.4m Standard LaTeX file (size option)
)
("C:\Users\fotis\AppData\Local\Programs\MiKTeX 2.9\tex/latex/pgf/basiclayer\pgf
core.sty"
("C:\Users\fotis\AppData\Local\Programs\MiKTeX 2.9\tex/latex/graphics\graphicx.
sty"
Package: graphicx 2020/09/09 v1.2b Enhanced LaTeX Graphics (DPC,SPQR)

("C:\Users\fotis\AppData\Local\Programs\MiKTeX 2.9\tex/latex/graphics\graphics.
sty"
Package: graphics 2020/08/30 v1.4c Standard LaTeX Graphics (DPC,SPQR)

("C:\Users\fotis\AppData\Local\Programs\MiKTeX 2.9\tex/latex/graphics\trig.sty"
Package: trig 2016/01/03 v1.10 sin cos tan (DPC)
)
("C:\Users\fotis\AppData\Local\Programs\MiKTeX 2.9\tex/latex/graphics-cfg\graph
ics.cfg"
File: graphics.cfg 2016/06/04 v1.11 sample graphics configuration
)
Package graphics Info: Driver file: pdftex.def on input line 105.

("C:\Users\fotis\AppData\Local\Programs\MiKTeX 2.9\tex/latex/graphics-def\pdfte
x.def"
File: pdftex.def 2020/10/05 v1.2a Graphics/color driver for pdftex
))
\Gin@req@height=\dimen162
\Gin@req@width=\dimen163
)
("C:\Users\fotis\AppData\Local\Programs\MiKTeX 2.9\tex/latex/pgf/systemlayer\pg
fsys.sty"
("C:\Users\fotis\AppData\Local\Programs\MiKTeX 2.9\tex/latex/pgf/utilities\pgfr
cs.sty"
("C:\Users\fotis\AppData\Local\Programs\MiKTeX 2.9\tex/generic/pgf/utilities\pg
futil-common.tex"
\pgfutil@everybye=\toks17
\pgfutil@tempdima=\dimen164
\pgfutil@tempdimb=\dimen165

("C:\Users\fotis\AppData\Local\Programs\MiKTeX 2.9\tex/generic/pgf/utilities\pg
futil-common-lists.tex"))
("C:\Users\fotis\AppData\Local\Programs\MiKTeX 2.9\tex/generic/pgf/utilities\pg
futil-latex.def"
\pgfutil@abb=\box56
)
("C:\Users\fotis\AppData\Local\Programs\MiKTeX 2.9\tex/generic/pgf/utilities\pg
frcs.code.tex"
("C:\Users\fotis\AppData\Local\Programs\MiKTeX 2.9\tex/generic/pgf\pgf.revision
.tex")
Package: pgfrcs 2020/12/01 v3.1.7a (3.1.7a)
))
("C:\Users\fotis\AppData\Local\Programs\MiKTeX 2.9\tex/generic/pgf/systemlayer\
pgfsys.code.tex"
Package: pgfsys 2020/12/01 v3.1.7a (3.1.7a)

("C:\Users\fotis\AppData\Local\Programs\MiKTeX 2.9\tex/generic/pgf/utilities\pg
fkeys.code.tex"
\pgfkeys@pathtoks=\toks18
\pgfkeys@temptoks=\toks19

("C:\Users\fotis\AppData\Local\Programs\MiKTeX 2.9\tex/generic/pgf/utilities\pg
fkeysfiltered.code.tex"
\pgfkeys@tmptoks=\toks20
))
\pgf@x=\dimen166
\pgf@y=\dimen167
\pgf@xa=\dimen168
\pgf@ya=\dimen169
\pgf@xb=\dimen170
\pgf@yb=\dimen171
\pgf@xc=\dimen172
\pgf@yc=\dimen173
\pgf@xd=\dimen174
\pgf@yd=\dimen175
\w@pgf@writea=\write3
\r@pgf@reada=\read2
\c@pgf@counta=\count272
\c@pgf@countb=\count273
\c@pgf@countc=\count274
\c@pgf@countd=\count275
\t@pgf@toka=\toks21
\t@pgf@tokb=\toks22
\t@pgf@tokc=\toks23
\pgf@sys@id@count=\count276

("C:\Users\fotis\AppData\Local\Programs\MiKTeX 2.9\tex/generic/pgf/systemlayer\
pgf.cfg"
File: pgf.cfg 2020/12/01 v3.1.7a (3.1.7a)
)
Driver file for pgf: pgfsys-pdftex.def

("C:\Users\fotis\AppData\Local\Programs\MiKTeX 2.9\tex/generic/pgf/systemlayer\
pgfsys-pdftex.def"
File: pgfsys-pdftex.def 2020/12/01 v3.1.7a (3.1.7a)

("C:\Users\fotis\AppData\Local\Programs\MiKTeX 2.9\tex/generic/pgf/systemlayer\
pgfsys-common-pdf.def"
File: pgfsys-common-pdf.def 2020/12/01 v3.1.7a (3.1.7a)
)))
("C:\Users\fotis\AppData\Local\Programs\MiKTeX 2.9\tex/generic/pgf/systemlayer\
pgfsyssoftpath.code.tex"
File: pgfsyssoftpath.code.tex 2020/12/01 v3.1.7a (3.1.7a)
\pgfsyssoftpath@smallbuffer@items=\count277
\pgfsyssoftpath@bigbuffer@items=\count278
)
("C:\Users\fotis\AppData\Local\Programs\MiKTeX 2.9\tex/generic/pgf/systemlayer\
pgfsysprotocol.code.tex"
File: pgfsysprotocol.code.tex 2020/12/01 v3.1.7a (3.1.7a)
))
("C:\Users\fotis\AppData\Local\Programs\MiKTeX 2.9\tex/latex/xcolor\xcolor.sty"
Package: xcolor 2016/05/11 v2.12 LaTeX color extensions (UK)

("C:\Users\fotis\AppData\Local\Programs\MiKTeX 2.9\tex/latex/graphics-cfg\color
.cfg"
File: color.cfg 2016/01/02 v1.6 sample color configuration
)
Package xcolor Info: Driver file: pdftex.def on input line 225.
Package xcolor Info: Model `cmy' substituted by `cmy0' on input line 1348.
Package xcolor Info: Model `hsb' substituted by `rgb' on input line 1352.
Package xcolor Info: Model `RGB' extended on input line 1364.
Package xcolor Info: Model `HTML' substituted by `rgb' on input line 1366.
Package xcolor Info: Model `Hsb' substituted by `hsb' on input line 1367.
Package xcolor Info: Model `tHsb' substituted by `hsb' on input line 1368.
Package xcolor Info: Model `HSB' substituted by `hsb' on input line 1369.
Package xcolor Info: Model `Gray' substituted by `gray' on input line 1370.
Package xcolor Info: Model `wave' substituted by `hsb' on input line 1371.
)
("C:\Users\fotis\AppData\Local\Programs\MiKTeX 2.9\tex/generic/pgf/basiclayer\p
gfcore.code.tex"
Package: pgfcore 2020/12/01 v3.1.7a (3.1.7a)

("C:\Users\fotis\AppData\Local\Programs\MiKTeX 2.9\tex/generic/pgf/math\pgfmath
.code.tex"
("C:\Users\fotis\AppData\Local\Programs\MiKTeX 2.9\tex/generic/pgf/math\pgfmath
calc.code.tex"
("C:\Users\fotis\AppData\Local\Programs\MiKTeX 2.9\tex/generic/pgf/math\pgfmath
util.code.tex")
("C:\Users\fotis\AppData\Local\Programs\MiKTeX 2.9\tex/generic/pgf/math\pgfmath
parser.code.tex"
\pgfmath@dimen=\dimen176
\pgfmath@count=\count279
\pgfmath@box=\box57
\pgfmath@toks=\toks24
\pgfmath@stack@operand=\toks25
\pgfmath@stack@operation=\toks26
)
("C:\Users\fotis\AppData\Local\Programs\MiKTeX 2.9\tex/generic/pgf/math\pgfmath
functions.code.tex"
("C:\Users\fotis\AppData\Local\Programs\MiKTeX 2.9\tex/generic/pgf/math\pgfmath
functions.basic.code.tex")
("C:\Users\fotis\AppData\Local\Programs\MiKTeX 2.9\tex/generic/pgf/math\pgfmath
functions.trigonometric.code.tex")
("C:\Users\fotis\AppData\Local\Programs\MiKTeX 2.9\tex/generic/pgf/math\pgfmath
functions.random.code.tex")
("C:\Users\fotis\AppData\Local\Programs\MiKTeX 2.9\tex/generic/pgf/math\pgfmath
functions.comparison.code.tex")
("C:\Users\fotis\AppData\Local\Programs\MiKTeX 2.9\tex/generic/pgf/math\pgfmath
functions.base.code.tex")
("C:\Users\fotis\AppData\Local\Programs\MiKTeX 2.9\tex/generic/pgf/math\pgfmath
functions.round.code.tex")
("C:\Users\fotis\AppData\Local\Programs\MiKTeX 2.9\tex/generic/pgf/math\pgfmath
functions.misc.code.tex")
("C:\Users\fotis\AppData\Local\Programs\MiKTeX 2.9\tex/generic/pgf/math\pgfmath
functions.integerarithmetics.code.tex")))
("C:\Users\fotis\AppData\Local\Programs\MiKTeX 2.9\tex/generic/pgf/math\pgfmath
float.code.tex"
\c@pgfmathroundto@lastzeros=\count280
))
("C:\Users\fotis\AppData\Local\Programs\MiKTeX 2.9\tex/generic/pgf/math\pgfint.
code.tex")
("C:\Users\fotis\AppData\Local\Programs\MiKTeX 2.9\tex/generic/pgf/basiclayer\p
gfcorepoints.code.tex"
File: pgfcorepoints.code.tex 2020/12/01 v3.1.7a (3.1.7a)
\pgf@picminx=\dimen177
\pgf@picmaxx=\dimen178
\pgf@picminy=\dimen179
\pgf@picmaxy=\dimen180
\pgf@pathminx=\dimen181
\pgf@pathmaxx=\dimen182
\pgf@pathminy=\dimen183
\pgf@pathmaxy=\dimen184
\pgf@xx=\dimen185
\pgf@xy=\dimen186
\pgf@yx=\dimen187
\pgf@yy=\dimen188
\pgf@zx=\dimen189
\pgf@zy=\dimen190
)
("C:\Users\fotis\AppData\Local\Programs\MiKTeX 2.9\tex/generic/pgf/basiclayer\p
gfcorepathconstruct.code.tex"
File: pgfcorepathconstruct.code.tex 2020/12/01 v3.1.7a (3.1.7a)
\pgf@path@lastx=\dimen191
\pgf@path@lasty=\dimen192
)
("C:\Users\fotis\AppData\Local\Programs\MiKTeX 2.9\tex/generic/pgf/basiclayer\p
gfcorepathusage.code.tex"
File: pgfcorepathusage.code.tex 2020/12/01 v3.1.7a (3.1.7a)
\pgf@shorten@end@additional=\dimen193
\pgf@shorten@start@additional=\dimen194
)
("C:\Users\fotis\AppData\Local\Programs\MiKTeX 2.9\tex/generic/pgf/basiclayer\p
gfcorescopes.code.tex"
File: pgfcorescopes.code.tex 2020/12/01 v3.1.7a (3.1.7a)
\pgfpic=\box58
\pgf@hbox=\box59
\pgf@layerbox@main=\box60
\pgf@picture@serial@count=\count281
)
("C:\Users\fotis\AppData\Local\Programs\MiKTeX 2.9\tex/generic/pgf/basiclayer\p
gfcoregraphicstate.code.tex"
File: pgfcoregraphicstate.code.tex 2020/12/01 v3.1.7a (3.1.7a)
\pgflinewidth=\dimen195
)
("C:\Users\fotis\AppData\Local\Programs\MiKTeX 2.9\tex/generic/pgf/basiclayer\p
gfcoretransformations.code.tex"
File: pgfcoretransformations.code.tex 2020/12/01 v3.1.7a (3.1.7a)
\pgf@pt@x=\dimen196
\pgf@pt@y=\dimen197
\pgf@pt@temp=\dimen198
)
("C:\Users\fotis\AppData\Local\Programs\MiKTeX 2.9\tex/generic/pgf/basiclayer\p
gfcorequick.code.tex"
File: pgfcorequick.code.tex 2020/12/01 v3.1.7a (3.1.7a)
)
("C:\Users\fotis\AppData\Local\Programs\MiKTeX 2.9\tex/generic/pgf/basiclayer\p
gfcoreobjects.code.tex"
File: pgfcoreobjects.code.tex 2020/12/01 v3.1.7a (3.1.7a)
)
("C:\Users\fotis\AppData\Local\Programs\MiKTeX 2.9\tex/generic/pgf/basiclayer\p
gfcorepathprocessing.code.tex"
File: pgfcorepathprocessing.code.tex 2020/12/01 v3.1.7a (3.1.7a)
)
("C:\Users\fotis\AppData\Local\Programs\MiKTeX 2.9\tex/generic/pgf/basiclayer\p
gfcorearrows.code.tex"
File: pgfcorearrows.code.tex 2020/12/01 v3.1.7a (3.1.7a)
\pgfarrowsep=\dimen199
)
("C:\Users\fotis\AppData\Local\Programs\MiKTeX 2.9\tex/generic/pgf/basiclayer\p
gfcoreshade.code.tex"
File: pgfcoreshade.code.tex 2020/12/01 v3.1.7a (3.1.7a)
\pgf@max=\dimen256
\pgf@sys@shading@range@num=\count282
\pgf@shadingcount=\count283
)
("C:\Users\fotis\AppData\Local\Programs\MiKTeX 2.9\tex/generic/pgf/basiclayer\p
gfcoreimage.code.tex"
File: pgfcoreimage.code.tex 2020/12/01 v3.1.7a (3.1.7a)

("C:\Users\fotis\AppData\Local\Programs\MiKTeX 2.9\tex/generic/pgf/basiclayer\p
gfcoreexternal.code.tex"
File: pgfcoreexternal.code.tex 2020/12/01 v3.1.7a (3.1.7a)
\pgfexternal@startupbox=\box61
))
("C:\Users\fotis\AppData\Local\Programs\MiKTeX 2.9\tex/generic/pgf/basiclayer\p
gfcorelayers.code.tex"
File: pgfcorelayers.code.tex 2020/12/01 v3.1.7a (3.1.7a)
)
("C:\Users\fotis\AppData\Local\Programs\MiKTeX 2.9\tex/generic/pgf/basiclayer\p
gfcoretransparency.code.tex"
File: pgfcoretransparency.code.tex 2020/12/01 v3.1.7a (3.1.7a)
)
("C:\Users\fotis\AppData\Local\Programs\MiKTeX 2.9\tex/generic/pgf/basiclayer\p
gfcorepatterns.code.tex"
File: pgfcorepatterns.code.tex 2020/12/01 v3.1.7a (3.1.7a)
)
("C:\Users\fotis\AppData\Local\Programs\MiKTeX 2.9\tex/generic/pgf/basiclayer\p
gfcorerdf.code.tex"
File: pgfcorerdf.code.tex 2020/12/01 v3.1.7a (3.1.7a)
)))
("C:\Users\fotis\AppData\Local\Programs\MiKTeX 2.9\tex/latex/pgf/utilities\xxco
lor.sty"
Package: xxcolor 2003/10/24 ver 0.1
\XC@nummixins=\count284
\XC@countmixins=\count285
)
("C:\Users\fotis\AppData\Local\Programs\MiKTeX 2.9\tex/latex/base\atbegshi-ltx.
sty"
Package: atbegshi-ltx 2020/08/17 v1.0a Emulation of the original atbegshi packa
ge
with kernel methods
)
("C:\Users\fotis\AppData\Local\Programs\MiKTeX 2.9\tex/latex/hyperref\hyperref.
sty"
Package: hyperref 2020-05-15 v7.00e Hypertext links for LaTeX

("C:\Users\fotis\AppData\Local\Programs\MiKTeX 2.9\tex/generic/ltxcmds\ltxcmds.
sty"
Package: ltxcmds 2020-05-10 v1.25 LaTeX kernel commands for general use (HO)
)
("C:\Users\fotis\AppData\Local\Programs\MiKTeX 2.9\tex/generic/pdftexcmds\pdfte
xcmds.sty"
Package: pdftexcmds 2020-06-27 v0.33 Utility functions of pdfTeX for LuaTeX (HO
)

("C:\Users\fotis\AppData\Local\Programs\MiKTeX 2.9\tex/generic/infwarerr\infwar
err.sty"
Package: infwarerr 2019/12/03 v1.5 Providing info/warning/error messages (HO)
)
Package pdftexcmds Info: \pdf@primitive is available.
Package pdftexcmds Info: \pdf@ifprimitive is available.
Package pdftexcmds Info: \pdfdraftmode found.
)
("C:\Users\fotis\AppData\Local\Programs\MiKTeX 2.9\tex/generic/kvsetkeys\kvsetk
eys.sty"
Package: kvsetkeys 2019/12/15 v1.18 Key value parser (HO)
)
("C:\Users\fotis\AppData\Local\Programs\MiKTeX 2.9\tex/generic/kvdefinekeys\kvd
efinekeys.sty"
Package: kvdefinekeys 2019-12-19 v1.6 Define keys (HO)
)
("C:\Users\fotis\AppData\Local\Programs\MiKTeX 2.9\tex/generic/pdfescape\pdfesc
ape.sty"
Package: pdfescape 2019/12/09 v1.15 Implements pdfTeX's escape features (HO)
)
("C:\Users\fotis\AppData\Local\Programs\MiKTeX 2.9\tex/latex/hycolor\hycolor.st
y"
Package: hycolor 2020-01-27 v1.10 Color options for hyperref/bookmark (HO)
)
("C:\Users\fotis\AppData\Local\Programs\MiKTeX 2.9\tex/latex/letltxmacro\letltx
macro.sty"
Package: letltxmacro 2019/12/03 v1.6 Let assignment for LaTeX macros (HO)
)
("C:\Users\fotis\AppData\Local\Programs\MiKTeX 2.9\tex/latex/auxhook\auxhook.st
y"
Package: auxhook 2019-12-17 v1.6 Hooks for auxiliary files (HO)
)
("C:\Users\fotis\AppData\Local\Programs\MiKTeX 2.9\tex/latex/kvoptions\kvoption
s.sty"
Package: kvoptions 2020-10-07 v3.14 Key value format for package options (HO)
)
\@linkdim=\dimen257
\Hy@linkcounter=\count286
\Hy@pagecounter=\count287

("C:\Users\fotis\AppData\Local\Programs\MiKTeX 2.9\tex/latex/hyperref\pd1enc.de
f"
File: pd1enc.def 2020-05-15 v7.00e Hyperref: PDFDocEncoding definition (HO)
Now handling font encoding PD1 ...
... no UTF-8 mapping file for font encoding PD1
)
("C:\Users\fotis\AppData\Local\Programs\MiKTeX 2.9\tex/generic/intcalc\intcalc.
sty"
Package: intcalc 2019/12/15 v1.3 Expandable calculations with integers (HO)
)
("C:\Users\fotis\AppData\Local\Programs\MiKTeX 2.9\tex/generic/etexcmds\etexcmd
s.sty"
Package: etexcmds 2019/12/15 v1.7 Avoid name clashes with e-TeX commands (HO)
)
\Hy@SavedSpaceFactor=\count288
Package hyperref Info: Option `bookmarks' set `true' on input line 4338.
Package hyperref Info: Option `bookmarksopen' set `true' on input line 4338.
Package hyperref Info: Option `implicit' set `false' on input line 4338.
Package hyperref Info: Hyper figures OFF on input line 4464.
Package hyperref Info: Link nesting OFF on input line 4469.
Package hyperref Info: Hyper index ON on input line 4472.
Package hyperref Info: Plain pages OFF on input line 4479.
Package hyperref Info: Backreferencing OFF on input line 4484.
Package hyperref Info: Implicit mode OFF; no redefinition of LaTeX internals.
Package hyperref Info: Bookmarks ON on input line 4717.
\c@Hy@tempcnt=\count289
 ("C:\Users\fotis\AppData\Local\Programs\MiKTeX 2.9\tex/latex/url\url.sty"
\Urlmuskip=\muskip16
Package: url 2013/09/16  ver 3.4  Verb mode for urls, etc.
)
LaTeX Info: Redefining \url on input line 5076.
\XeTeXLinkMargin=\dimen258

("C:\Users\fotis\AppData\Local\Programs\MiKTeX 2.9\tex/generic/bitset\bitset.st
y"
Package: bitset 2019/12/09 v1.3 Handle bit-vector datatype (HO)

("C:\Users\fotis\AppData\Local\Programs\MiKTeX 2.9\tex/generic/bigintcalc\bigin
tcalc.sty"
Package: bigintcalc 2019/12/15 v1.5 Expandable calculations on big integers (HO
)
))
\Fld@menulength=\count290
\Field@Width=\dimen259
\Fld@charsize=\dimen260
Package hyperref Info: Hyper figures OFF on input line 6347.
Package hyperref Info: Link nesting OFF on input line 6352.
Package hyperref Info: Hyper index ON on input line 6355.
Package hyperref Info: backreferencing OFF on input line 6362.
Package hyperref Info: Link coloring OFF on input line 6367.
Package hyperref Info: Link coloring with OCG OFF on input line 6372.
Package hyperref Info: PDF/A mode OFF on input line 6377.
LaTeX Info: Redefining \ref on input line 6417.
LaTeX Info: Redefining \pageref on input line 6421.
\Hy@abspage=\count291


Package hyperref Message: Stopped early.

)
Package hyperref Info: Driver (autodetected): hpdftex.

("C:\Users\fotis\AppData\Local\Programs\MiKTeX 2.9\tex/latex/hyperref\hpdftex.d
ef"
File: hpdftex.def 2020-05-15 v7.00e Hyperref driver for pdfTeX

("C:\Users\fotis\AppData\Local\Programs\MiKTeX 2.9\tex/latex/base\atveryend-ltx
.sty"
Package: atveryend-ltx 2020/08/19 v1.0a Emulation of the original atvery packag
e
with kernel methods
)
\Fld@listcount=\count292
\c@bookmark@seq@number=\count293

("C:\Users\fotis\AppData\Local\Programs\MiKTeX 2.9\tex/latex/rerunfilecheck\rer
unfilecheck.sty"
Package: rerunfilecheck 2019/12/05 v1.9 Rerun checks for auxiliary files (HO)

("C:\Users\fotis\AppData\Local\Programs\MiKTeX 2.9\tex/generic/uniquecounter\un
iquecounter.sty"
Package: uniquecounter 2019/12/15 v1.4 Provide unlimited unique counter (HO)
)
Package uniquecounter Info: New unique counter `rerunfilecheck' on input line 2
86.
))
("C:\Users\fotis\AppData\Local\Programs\MiKTeX 2.9\tex/latex/beamer\beamerbaser
equires.sty"
("C:\Users\fotis\AppData\Local\Programs\MiKTeX 2.9\tex/latex/beamer\beamerbasec
ompatibility.sty")
("C:\Users\fotis\AppData\Local\Programs\MiKTeX 2.9\tex/latex/beamer\beamerbasef
ont.sty"
("C:\Users\fotis\AppData\Local\Programs\MiKTeX 2.9\tex/latex/amsfonts\amssymb.s
ty"
Package: amssymb 2013/01/14 v3.01 AMS font symbols

("C:\Users\fotis\AppData\Local\Programs\MiKTeX 2.9\tex/latex/amsfonts\amsfonts.
sty"
Package: amsfonts 2013/01/14 v3.01 Basic AMSFonts support
\@emptytoks=\toks27
\symAMSa=\mathgroup4
\symAMSb=\mathgroup5
LaTeX Font Info:    Redeclaring math symbol \hbar on input line 98.
LaTeX Font Info:    Overwriting math alphabet `\mathfrak' in version `bold'
(Font)                  U/euf/m/n --> U/euf/b/n on input line 106.
))
("C:\Users\fotis\AppData\Local\Programs\MiKTeX 2.9\tex/latex/sansmathaccent\san
smathaccent.sty"
Package: sansmathaccent 2020/01/31

("C:\Users\fotis\AppData\Local\Programs\MiKTeX 2.9\tex/latex/koma-script\scrlfi
le.sty"
Package: scrlfile 2021/03/17 v3.33 KOMA-Script package (file load hooks)

("C:\Users\fotis\AppData\Local\Programs\MiKTeX 2.9\tex/latex/koma-script\scrlfi
le-hook.sty"
Package: scrlfile-hook 2021/03/17 v3.33 KOMA-Script package (using LaTeX hooks)


LaTeX3 Info: Defining command \BeforeFile with sig. 'm' on line 61.


LaTeX3 Info: Defining command \AfterFile with sig. 'm' on line 65.


LaTeX3 Info: Defining command \BeforeClass with sig. 'm' on line 69.


LaTeX3 Info: Defining command \BeforePackage with sig. 'm' on line 73.


LaTeX3 Info: Defining command \AfterAtEndOfClass with sig. 'smo+m' on line 83.


LaTeX3 Info: Defining command \AfterAtEndOfPackage with sig. 'smo+m' on line
(LaTeX3)     93.


LaTeX3 Info: Defining command \scrlfile@AfterClass with sig. 'smo+m' on line
(LaTeX3)     173.


LaTeX3 Info: Defining command \AfterClass with sig. '' on line 174.


LaTeX3 Info: Defining command \scrlfile@AfterPackage with sig. 'smo+m' on line
(LaTeX3)     191.


LaTeX3 Info: Defining command \AfterPackage with sig. '' on line 192.


LaTeX3 Info: Defining command \ReplaceInput with sig. '' on line 193.


LaTeX3 Info: Defining command \ReplaceClass with sig. 'mm' on line 196.


LaTeX3 Info: Defining command \ReplacePackage with sig. 'mm' on line 199.


LaTeX3 Info: Defining command \UnReplaceInput with sig. '' on line 200.


LaTeX3 Info: Defining command \UnReplaceClass with sig. 'm' on line 203.


LaTeX3 Info: Defining command \UnReplacePackage with sig. 'mm' on line 206.


LaTeX3 Info: Defining command \PreventPackageFromLoading with sig. 's+om' on
(LaTeX3)     line 234.


LaTeX3 Info: Defining command \StorePreventPackageFromLoading with sig. 'm' on
(LaTeX3)     line 242.


LaTeX3 Info: Defining command \ResetPreventPackageFromLoading with sig. '' on
(LaTeX3)     line 247.


LaTeX3 Info: Defining command \UnPreventPackageFromLoading with sig. 'sm' on
(LaTeX3)     line 261.


LaTeX3 Info: Defining command \BeforeClosingMainAux with sig. 'om' on line
(LaTeX3)     274.


LaTeX3 Info: Defining command \AfterReadingMainAux with sig. 'om' on line 287.


LaTeX3 Info: Defining command \protected@immediate@write with sig. 'm+m+m' on
(LaTeX3)     line 298.


("C:\Users\fotis\AppData\Local\Programs\MiKTeX 2.9\tex/latex/koma-script\scrlog
o.sty"
Package: scrlogo 2021/03/17 v3.33 KOMA-Script package (logo)
)))))
("C:\Users\fotis\AppData\Local\Programs\MiKTeX 2.9\tex/latex/beamer\beamerbaset
ranslator.sty"
("C:\Users\fotis\AppData\Local\Programs\MiKTeX 2.9\tex/latex/translator\transla
tor.sty"
Package: translator 2021-05-31 v1.12d Easy translation of strings in LaTeX
))
("C:\Users\fotis\AppData\Local\Programs\MiKTeX 2.9\tex/latex/beamer\beamerbasem
isc.sty")
("C:\Users\fotis\AppData\Local\Programs\MiKTeX 2.9\tex/latex/beamer\beamerbaset
woscreens.sty")
("C:\Users\fotis\AppData\Local\Programs\MiKTeX 2.9\tex/latex/beamer\beamerbaseo
verlay.sty"
\beamer@argscount=\count294
\beamer@lastskipcover=\skip50
\beamer@trivlistdepth=\count295
)
("C:\Users\fotis\AppData\Local\Programs\MiKTeX 2.9\tex/latex/beamer\beamerbaset
itle.sty")
("C:\Users\fotis\AppData\Local\Programs\MiKTeX 2.9\tex/latex/beamer\beamerbases
ection.sty"
\c@lecture=\count296
\c@part=\count297
\c@section=\count298
\c@subsection=\count299
\c@subsubsection=\count300
)
("C:\Users\fotis\AppData\Local\Programs\MiKTeX 2.9\tex/latex/beamer\beamerbasef
rame.sty"
\beamer@framebox=\box62
\beamer@frametitlebox=\box63
\beamer@zoombox=\box64
\beamer@zoomcount=\count301
\beamer@zoomframecount=\count302
\beamer@frametextheight=\dimen261
\c@subsectionslide=\count303
\beamer@frametopskip=\skip51
\beamer@framebottomskip=\skip52
\beamer@frametopskipautobreak=\skip53
\beamer@framebottomskipautobreak=\skip54
\beamer@envbody=\toks28
\framewidth=\dimen262
\c@framenumber=\count304
)
("C:\Users\fotis\AppData\Local\Programs\MiKTeX 2.9\tex/latex/beamer\beamerbasev
erbatim.sty"
\beamer@verbatimfileout=\write4
)
("C:\Users\fotis\AppData\Local\Programs\MiKTeX 2.9\tex/latex/beamer\beamerbasef
ramesize.sty"
\beamer@splitbox=\box65
\beamer@autobreakcount=\count305
\beamer@autobreaklastheight=\dimen263
\beamer@frametitletoks=\toks29
\beamer@framesubtitletoks=\toks30
)
("C:\Users\fotis\AppData\Local\Programs\MiKTeX 2.9\tex/latex/beamer\beamerbasef
ramecomponents.sty"
\beamer@footins=\box66
)
("C:\Users\fotis\AppData\Local\Programs\MiKTeX 2.9\tex/latex/beamer\beamerbasec
olor.sty")
("C:\Users\fotis\AppData\Local\Programs\MiKTeX 2.9\tex/latex/beamer\beamerbasen
otes.sty"
\beamer@frameboxcopy=\box67
)
("C:\Users\fotis\AppData\Local\Programs\MiKTeX 2.9\tex/latex/beamer\beamerbaset
oc.sty")
("C:\Users\fotis\AppData\Local\Programs\MiKTeX 2.9\tex/latex/beamer\beamerbaset
emplates.sty"
\beamer@sbttoks=\toks31

("C:\Users\fotis\AppData\Local\Programs\MiKTeX 2.9\tex/latex/beamer\beamerbasea
uxtemplates.sty"
("C:\Users\fotis\AppData\Local\Programs\MiKTeX 2.9\tex/latex/beamer\beamerbaseb
oxes.sty"
\bmb@box=\box68
\bmb@colorbox=\box69
\bmb@boxwidth=\dimen264
\bmb@boxheight=\dimen265
\bmb@prevheight=\dimen266
\bmb@temp=\dimen267
\bmb@dima=\dimen268
\bmb@dimb=\dimen269
\bmb@prevheight=\dimen270
)
\beamer@blockheadheight=\dimen271
))
("C:\Users\fotis\AppData\Local\Programs\MiKTeX 2.9\tex/latex/beamer\beamerbasel
ocalstructure.sty"
("C:\Users\fotis\AppData\Local\Programs\MiKTeX 2.9\tex/latex/tools\enumerate.st
y"
Package: enumerate 2015/07/23 v3.00 enumerate extensions (DPC)
\@enLab=\toks32
)
\beamer@bibiconwidth=\skip55
\c@figure=\count306
\c@table=\count307
\abovecaptionskip=\skip56
\belowcaptionskip=\skip57
)
("C:\Users\fotis\AppData\Local\Programs\MiKTeX 2.9\tex/latex/beamer\beamerbasen
avigation.sty"
\beamer@section@min@dim=\dimen272
)
("C:\Users\fotis\AppData\Local\Programs\MiKTeX 2.9\tex/latex/beamer\beamerbaset
heorems.sty"
("C:\Users\fotis\AppData\Local\Programs\MiKTeX 2.9\tex/latex/amsmath\amsmath.st
y"
Package: amsmath 2020/09/23 v2.17i AMS math features
\@mathmargin=\skip58

For additional information on amsmath, use the `?' option.

("C:\Users\fotis\AppData\Local\Programs\MiKTeX 2.9\tex/latex/amsmath\amstext.st
y"
Package: amstext 2000/06/29 v2.01 AMS text

("C:\Users\fotis\AppData\Local\Programs\MiKTeX 2.9\tex/latex/amsmath\amsgen.sty
"
File: amsgen.sty 1999/11/30 v2.0 generic functions
\@emptytoks=\toks33
\ex@=\dimen273
))
("C:\Users\fotis\AppData\Local\Programs\MiKTeX 2.9\tex/latex/amsmath\amsbsy.sty
"
Package: amsbsy 1999/11/29 v1.2d Bold Symbols
\pmbraise@=\dimen274
)
("C:\Users\fotis\AppData\Local\Programs\MiKTeX 2.9\tex/latex/amsmath\amsopn.sty
"
Package: amsopn 2016/03/08 v2.02 operator names
)
\inf@bad=\count308
LaTeX Info: Redefining \frac on input line 234.
\uproot@=\count309
\leftroot@=\count310
LaTeX Info: Redefining \overline on input line 399.
\classnum@=\count311
\DOTSCASE@=\count312
LaTeX Info: Redefining \ldots on input line 496.
LaTeX Info: Redefining \dots on input line 499.
LaTeX Info: Redefining \cdots on input line 620.
\Mathstrutbox@=\box70
\strutbox@=\box71
\big@size=\dimen275
LaTeX Font Info:    Redeclaring font encoding OML on input line 743.
LaTeX Font Info:    Redeclaring font encoding OMS on input line 744.
\macc@depth=\count313
\c@MaxMatrixCols=\count314
\dotsspace@=\muskip17
\c@parentequation=\count315
\dspbrk@lvl=\count316
\tag@help=\toks34
\row@=\count317
\column@=\count318
\maxfields@=\count319
\andhelp@=\toks35
\eqnshift@=\dimen276
\alignsep@=\dimen277
\tagshift@=\dimen278
\tagwidth@=\dimen279
\totwidth@=\dimen280
\lineht@=\dimen281
\@envbody=\toks36
\multlinegap=\skip59
\multlinetaggap=\skip60
\mathdisplay@stack=\toks37
LaTeX Info: Redefining \[ on input line 2923.
LaTeX Info: Redefining \] on input line 2924.
)
("C:\Users\fotis\AppData\Local\Programs\MiKTeX 2.9\tex/latex/amscls\amsthm.sty"
Package: amsthm 2020/05/29 v2.20.6
\thm@style=\toks38
\thm@bodyfont=\toks39
\thm@headfont=\toks40
\thm@notefont=\toks41
\thm@headpunct=\toks42
\thm@preskip=\skip61
\thm@postskip=\skip62
\thm@headsep=\skip63
\dth@everypar=\toks43
)
\c@theorem=\count320
)
("C:\Users\fotis\AppData\Local\Programs\MiKTeX 2.9\tex/latex/beamer\beamerbaset
hemes.sty"))
("C:\Users\fotis\AppData\Local\Programs\MiKTeX 2.9\tex/latex/beamer\beamertheme
default.sty"
("C:\Users\fotis\AppData\Local\Programs\MiKTeX 2.9\tex/latex/beamer\beamerfontt
hemedefault.sty")
("C:\Users\fotis\AppData\Local\Programs\MiKTeX 2.9\tex/latex/beamer\beamercolor
themedefault.sty")
("C:\Users\fotis\AppData\Local\Programs\MiKTeX 2.9\tex/latex/beamer\beamerinner
themedefault.sty"
\beamer@dima=\dimen282
\beamer@dimb=\dimen283
)
("C:\Users\fotis\AppData\Local\Programs\MiKTeX 2.9\tex/latex/beamer\beamerouter
themedefault.sty")))
("C:\Users\fotis\AppData\Local\Programs\MiKTeX 2.9\tex/latex/beamer\beamertheme
Madrid.sty"
("C:\Users\fotis\AppData\Local\Programs\MiKTeX 2.9\tex/latex/beamer\beamercolor
themewhale.sty")
("C:\Users\fotis\AppData\Local\Programs\MiKTeX 2.9\tex/latex/beamer\beamercolor
themeorchid.sty")
("C:\Users\fotis\AppData\Local\Programs\MiKTeX 2.9\tex/latex/beamer\beamerinner
themerounded.sty")
("C:\Users\fotis\AppData\Local\Programs\MiKTeX 2.9\tex/latex/beamer\beamerouter
themeinfolines.sty"))
("C:\Users\fotis\AppData\Local\Programs\MiKTeX 2.9\tex/latex/beamer\beamerfontt
hemeserif.sty")
("C:\Users\fotis\AppData\Local\Programs\MiKTeX 2.9\tex/latex/mathtools\mathtool
s.sty"
Package: mathtools 2020/03/24 v1.24 mathematical typesetting tools

("C:\Users\fotis\AppData\Local\Programs\MiKTeX 2.9\tex/latex/tools\calc.sty"
Package: calc 2017/05/25 v4.3 Infix arithmetic (KKT,FJ)
\calc@Acount=\count321
\calc@Bcount=\count322
\calc@Adimen=\dimen284
\calc@Bdimen=\dimen285
\calc@Askip=\skip64
\calc@Bskip=\skip65
LaTeX Info: Redefining \setlength on input line 80.
LaTeX Info: Redefining \addtolength on input line 81.
\calc@Ccount=\count323
\calc@Cskip=\skip66
)
("C:\Users\fotis\AppData\Local\Programs\MiKTeX 2.9\tex/latex/mathtools\mhsetup.
sty"
Package: mhsetup 2017/03/31 v1.3 programming setup (MH)
)
LaTeX Info: Thecontrolsequence`\('isalreadyrobust on input line 130.
LaTeX Info: Thecontrolsequence`\)'isalreadyrobust on input line 130.
LaTeX Info: Thecontrolsequence`\['isalreadyrobust on input line 130.
LaTeX Info: Thecontrolsequence`\]'isalreadyrobust on input line 130.
\g_MT_multlinerow_int=\count324
\l_MT_multwidth_dim=\dimen286
\origjot=\skip67
\l_MT_shortvdotswithinadjustabove_dim=\dimen287
\l_MT_shortvdotswithinadjustbelow_dim=\dimen288
\l_MT_above_intertext_sep=\dimen289
\l_MT_below_intertext_sep=\dimen290
\l_MT_above_shortintertext_sep=\dimen291
\l_MT_below_shortintertext_sep=\dimen292
\xmathstrut@box=\box72
\xmathstrut@dim=\dimen293
)
("C:\Users\fotis\AppData\Local\Programs\MiKTeX 2.9\tex/latex/float\float.sty"
Package: float 2001/11/08 v1.3d Float enhancements (AL)
\c@float@type=\count325
\float@exts=\toks44
\float@box=\box73
\@float@everytoks=\toks45
\@floatcapt=\box74
)
("C:\Users\fotis\AppData\Local\Programs\MiKTeX 2.9\tex/latex/was\gensymb.sty"
Package: gensymb 2003/07/02 v1.0 (WaS)
)
("C:\Users\fotis\AppData\Local\Programs\MiKTeX 2.9\tex/latex/carlisle\slashed.s
ty"
Package: slashed 1997/01/16 v0.01 Feynman Slashed Character Notation (DPC)
)
("C:\Users\fotis\AppData\Local\Programs\MiKTeX 2.9\tex/latex/physics\physics.st
y"
Package: physics 

("C:\Users\fotis\AppData\Local\Programs\MiKTeX 2.9\tex/latex/l3packages/xparse\
xparse.sty"
("C:\Users\fotis\AppData\Local\Programs\MiKTeX 2.9\tex/latex/l3kernel\expl3.sty
"
Package: expl3 2020-12-07 L3 programming layer (loader) 

("C:\Users\fotis\AppData\Local\Programs\MiKTeX 2.9\tex/latex/l3backend\l3backen
d-pdftex.def"
File: l3backend-pdftex.def 2020-09-24 L3 backend support: PDF output (pdfTeX)
\l__kernel_color_stack_int=\count326
\l__pdf_internal_box=\box75
))
Package: xparse 2020-10-27 L3 Experimental document command parser

("C:\Users\fotis\AppData\Local\Programs\MiKTeX 2.9\tex/latex/l3packages/xparse\
xparse-generic.tex")))
("C:\Users\fotis\AppData\Local\Programs\MiKTeX 2.9\tex/latex/braket\braket.sty"
)
("C:\Users\fotis\AppData\Local\Programs\MiKTeX 2.9\tex/latex/wrapfig\wrapfig.st
y"
\wrapoverhang=\dimen294
\WF@size=\dimen295
\c@WF@wrappedlines=\count327
\WF@box=\box76
\WF@everypar=\toks46
Package: wrapfig 2003/01/31  v 3.6
)
("C:\Users\fotis\AppData\Local\Programs\MiKTeX 2.9\tex/latex/tools\verbatim.sty
"
Package: verbatim 2019/11/10 v1.5r LaTeX2e package for verbatim enhancements
\every@verbatim=\toks47
\verbatim@line=\toks48
\verbatim@in@stream=\read3
)
("C:\Users\fotis\AppData\Local\Programs\MiKTeX 2.9\tex/latex/caption\caption.st
y"
Package: caption 2020/10/26 v3.5g Customizing captions (AR)

("C:\Users\fotis\AppData\Local\Programs\MiKTeX 2.9\tex/latex/caption\caption3.s
ty"
Package: caption3 2020/10/21 v2.2e caption3 kernel (AR)
\captionmargin=\dimen296
\captionmargin@=\dimen297
\captionwidth=\dimen298
\caption@tempdima=\dimen299
\caption@indent=\dimen300
\caption@parindent=\dimen301
\caption@hangindent=\dimen302
Package caption Info: beamer document class detected.

("C:\Users\fotis\AppData\Local\Programs\MiKTeX 2.9\tex/latex/caption\caption-be
amer.sto"
File: caption-beamer.sto 2020/08/22 v2.0 Adaption of the caption package to the
 beamer document classes (AR)
))
\c@caption@flags=\count328
\c@continuedfloat=\count329
Package caption Info: float package is loaded.
Package caption Info: hyperref package is loaded.
Package caption Info: Hyperref support is turned off
(caption)             because hyperref has stopped early.
Package caption Info: wrapfig package is loaded.
)
("C:\Users\fotis\AppData\Local\Programs\MiKTeX 2.9\tex/latex/caption\subcaption
.sty"
Package: subcaption 2020/10/07 v1.3j Sub-captions (AR)
\c@subfigure=\count330
\c@subtable=\count331
)
("C:\Users\fotis\AppData\Local\Programs\MiKTeX 2.9\tex/latex/base\inputenc.sty"
Package: inputenc 2020/08/01 v1.3d Input encoding file
\inpenc@prehook=\toks49
\inpenc@posthook=\toks50
) (lifpres.aux)
\openout1 = `lifpres.aux'.

LaTeX Font Info:    Checking defaults for OML/cmm/m/it on input line 94.
LaTeX Font Info:    ... okay on input line 94.
LaTeX Font Info:    Checking defaults for OMS/cmsy/m/n on input line 94.
LaTeX Font Info:    ... okay on input line 94.
LaTeX Font Info:    Checking defaults for OT1/cmr/m/n on input line 94.
LaTeX Font Info:    ... okay on input line 94.
LaTeX Font Info:    Checking defaults for T1/cmr/m/n on input line 94.
LaTeX Font Info:    ... okay on input line 94.
LaTeX Font Info:    Checking defaults for TS1/cmr/m/n on input line 94.
LaTeX Font Info:    ... okay on input line 94.
LaTeX Font Info:    Checking defaults for OMX/cmex/m/n on input line 94.
LaTeX Font Info:    ... okay on input line 94.
LaTeX Font Info:    Checking defaults for U/cmr/m/n on input line 94.
LaTeX Font Info:    ... okay on input line 94.
LaTeX Font Info:    Checking defaults for PD1/pdf/m/n on input line 94.
LaTeX Font Info:    ... okay on input line 94.

*geometry* driver: auto-detecting
*geometry* detected driver: pdftex
*geometry* verbose mode - [ preamble ] result:
* driver: pdftex
* paper: custom
* layout: <same size as paper>
* layoutoffset:(h,v)=(0.0pt,0.0pt)
* modes: includehead includefoot 
* h-part:(L,W,R)=(10.95003pt, 342.2953pt, 10.95003pt)
* v-part:(T,H,B)=(0.0pt, 273.14662pt, 0.0pt)
* \paperwidth=364.19536pt
* \paperheight=273.14662pt
* \textwidth=342.2953pt
* \textheight=244.6939pt
* \oddsidemargin=-61.31996pt
* \evensidemargin=-61.31996pt
* \topmargin=-72.26999pt
* \headheight=14.22636pt
* \headsep=0.0pt
* \topskip=11.0pt
* \footskip=14.22636pt
* \marginparwidth=4.0pt
* \marginparsep=10.0pt
* \columnsep=10.0pt
* \skip\footins=10.0pt plus 4.0pt minus 2.0pt
* \hoffset=0.0pt
* \voffset=0.0pt
* \mag=1000
* \@twocolumnfalse
* \@twosidefalse
* \@mparswitchfalse
* \@reversemarginfalse
* (1in=72.27pt=25.4mm, 1cm=28.453pt)


("C:\Users\fotis\AppData\Local\Programs\MiKTeX 2.9\tex/context/base/mkii\supp-p
df.mkii"
[Loading MPS to PDF converter (version 2006.09.02).]
\scratchcounter=\count332
\scratchdimen=\dimen303
\scratchbox=\box77
\nofMPsegments=\count333
\nofMParguments=\count334
\everyMPshowfont=\toks51
\MPscratchCnt=\count335
\MPscratchDim=\dimen304
\MPnumerator=\count336
\makeMPintoPDFobject=\count337
\everyMPtoPDFconversion=\toks52
)
("C:\Users\fotis\AppData\Local\Programs\MiKTeX 2.9\tex/latex/epstopdf-pkg\epsto
pdf-base.sty"
Package: epstopdf-base 2020-01-24 v2.11 Base part for package epstopdf

("C:\Users\fotis\AppData\Local\Programs\MiKTeX 2.9\tex/latex/grfext\grfext.sty"
Package: grfext 2019/12/03 v1.3 Manage graphics extensions (HO)
)
Package epstopdf-base Info: Redefining graphics rule for `.eps' on input line 4
85.
Package grfext Info: Graphics extension search list:
(grfext)             [.pdf,.png,.jpg,.mps,.jpeg,.jbig2,.jb2,.PDF,.PNG,.JPG,.JPE
G,.JBIG2,.JB2,.eps]
(grfext)             \AppendGraphicsExtensions on input line 504.
)
Package hyperref Info: Link coloring OFF on input line 94.

("C:\Users\fotis\AppData\Local\Programs\MiKTeX 2.9\tex/latex/hyperref\nameref.s
ty"
Package: nameref 2019/09/16 v2.46 Cross-referencing by name of section

("C:\Users\fotis\AppData\Local\Programs\MiKTeX 2.9\tex/latex/refcount\refcount.
sty"
Package: refcount 2019/12/15 v3.6 Data extraction from label references (HO)
)
("C:\Users\fotis\AppData\Local\Programs\MiKTeX 2.9\tex/generic/gettitlestring\g
ettitlestring.sty"
Package: gettitlestring 2019/12/15 v1.6 Cleanup title references (HO)
)
\c@section@level=\count338
)
LaTeX Info: Redefining \ref on input line 94.
LaTeX Info: Redefining \pageref on input line 94.
LaTeX Info: Redefining \nameref on input line 94.
 (lifpres.out) (lifpres.out)
\@outlinefile=\write5
\openout5 = `lifpres.out'.


("C:\Users\fotis\AppData\Local\Programs\MiKTeX 2.9\tex/latex/translator\transla
tor-basic-dictionary-English.dict"
Dictionary: translator-basic-dictionary, Language: English 
)
("C:\Users\fotis\AppData\Local\Programs\MiKTeX 2.9\tex/latex/translator\transla
tor-bibliography-dictionary-English.dict"
Dictionary: translator-bibliography-dictionary, Language: English 
)
("C:\Users\fotis\AppData\Local\Programs\MiKTeX 2.9\tex/latex/translator\transla
tor-environment-dictionary-English.dict"
Dictionary: translator-environment-dictionary, Language: English 
)
("C:\Users\fotis\AppData\Local\Programs\MiKTeX 2.9\tex/latex/translator\transla
tor-months-dictionary-English.dict"
Dictionary: translator-months-dictionary, Language: English 
)
("C:\Users\fotis\AppData\Local\Programs\MiKTeX 2.9\tex/latex/translator\transla
tor-numbers-dictionary-English.dict"
Dictionary: translator-numbers-dictionary, Language: English 
)
("C:\Users\fotis\AppData\Local\Programs\MiKTeX 2.9\tex/latex/translator\transla
tor-theorem-dictionary-English.dict"
Dictionary: translator-theorem-dictionary, Language: English 
)
LaTeX Info: Redefining \celsius on input line 94.
Package gensymb Info: Faking symbols for \degree and \celsius on input line 94.



Package gensymb Warning: Not defining \perthousand.

LaTeX Info: Redefining \ohm on input line 94.
Package gensymb Info: Using \Omega for \ohm on input line 94.

Package gensymb Warning: Not defining \micro.

Package caption Info: Begin \AtBeginDocument code.
Package caption Info: End \AtBeginDocument code.
(lifpres.nav) [1

{C:/Users/fotis/AppData/Local/MiKTeX/2.9/pdftex/config/pdftex.map}] (lifpres.to
c
LaTeX Font Info:    Trying to load font information for U+msa on input line 6.

("C:\Users\fotis\AppData\Local\Programs\MiKTeX 2.9\tex/latex/amsfonts\umsa.fd"
File: umsa.fd 2013/01/14 v3.01 AMS symbols A
)
LaTeX Font Info:    Trying to load font information for U+msb on input line 6.
("C:\Users\fotis\AppData\Local\Programs\MiKTeX 2.9\tex/latex/amsfonts\umsb.fd"
File: umsb.fd 2013/01/14 v3.01 AMS symbols B
)) [2

] (lifpres.toc) [3

] (lifpres.toc) [4

] (lifpres.toc) [5

] (lifpres.toc)
[6

] [7

] [8

] [9

] [10

] [11

]
<lif_single.png, id=447, 433.62pt x 289.08pt>
File: lif_single.png Graphic file (type png)
<use lif_single.png>
Package pdftex.def Info: lif_single.png  used on input line 131.
(pdftex.def)             Requested size: 273.83728pt x 182.56686pt.
 [12

 <./lif_single.png>] [13

] [14

] [15

] [16

] [17

]
[18

] [19

] [20

] [21

] [22

] [23

]

Package hyperref Warning: Token not allowed in a PDF string (PDFDocEncoding):
(hyperref)                removing `math shift' on input line 159.


Package hyperref Warning: Token not allowed in a PDF string (PDFDocEncoding):
(hyperref)                removing `\Delta' on input line 159.


Package hyperref Warning: Token not allowed in a PDF string (PDFDocEncoding):
(hyperref)                removing `\omega' on input line 159.


Package hyperref Warning: Token not allowed in a PDF string (PDFDocEncoding):
(hyperref)                removing `math shift' on input line 159.


Package hyperref Warning: Token not allowed in a PDF string (PDFDocEncoding):
(hyperref)                removing `math shift' on input line 159.


Package hyperref Warning: Token not allowed in a PDF string (PDFDocEncoding):
(hyperref)                removing `math shift' on input line 159.

<u_N=50.png, id=766, 433.62pt x 289.08pt>
File: u_N=50.png Graphic file (type png)
<use u_N=50.png>
Package pdftex.def Info: u_N=50.png  used on input line 206.
(pdftex.def)             Requested size: 109.537pt x 73.0241pt.
<u_N=60.png, id=767, 433.62pt x 289.08pt>
File: u_N=60.png Graphic file (type png)
<use u_N=60.png>
Package pdftex.def Info: u_N=60.png  used on input line 206.
(pdftex.def)             Requested size: 109.537pt x 73.0241pt.
<u_N=70.png, id=768, 433.62pt x 289.08pt>
File: u_N=70.png Graphic file (type png)
<use u_N=70.png>
Package pdftex.def Info: u_N=70.png  used on input line 206.
(pdftex.def)             Requested size: 109.537pt x 73.0241pt.
<u_N=80.png, id=769, 433.62pt x 289.08pt>
File: u_N=80.png Graphic file (type png)
<use u_N=80.png>
Package pdftex.def Info: u_N=80.png  used on input line 206.
(pdftex.def)             Requested size: 109.537pt x 73.0241pt.
<u_N=90.png, id=770, 433.62pt x 289.08pt>
File: u_N=90.png Graphic file (type png)
<use u_N=90.png>
Package pdftex.def Info: u_N=90.png  used on input line 206.
(pdftex.def)             Requested size: 109.537pt x 73.0241pt.
<u_N=100.png, id=771, 433.62pt x 289.08pt>
File: u_N=100.png Graphic file (type png)
<use u_N=100.png>
Package pdftex.def Info: u_N=100.png  used on input line 206.
(pdftex.def)             Requested size: 109.537pt x 73.0241pt.
[24

 <./u_N=50.png> <./u_N=60.png> <./u_N=70.png> <./u_N=80.png> <./u_N=90.png> <./
u_N=100.png>]
File: u_N=50.png Graphic file (type png)
<use u_N=50.png>
Package pdftex.def Info: u_N=50.png  used on input line 206.
(pdftex.def)             Requested size: 109.537pt x 73.0241pt.
File: u_N=60.png Graphic file (type png)
<use u_N=60.png>
Package pdftex.def Info: u_N=60.png  used on input line 206.
(pdftex.def)             Requested size: 109.537pt x 73.0241pt.
File: u_N=70.png Graphic file (type png)
<use u_N=70.png>
Package pdftex.def Info: u_N=70.png  used on input line 206.
(pdftex.def)             Requested size: 109.537pt x 73.0241pt.
File: u_N=80.png Graphic file (type png)
<use u_N=80.png>
Package pdftex.def Info: u_N=80.png  used on input line 206.
(pdftex.def)             Requested size: 109.537pt x 73.0241pt.
File: u_N=90.png Graphic file (type png)
<use u_N=90.png>
Package pdftex.def Info: u_N=90.png  used on input line 206.
(pdftex.def)             Requested size: 109.537pt x 73.0241pt.
File: u_N=100.png Graphic file (type png)
<use u_N=100.png>
Package pdftex.def Info: u_N=100.png  used on input line 206.
(pdftex.def)             Requested size: 109.537pt x 73.0241pt.
 [25

]
<w_N=50.png, id=838, 433.62pt x 289.08pt>
File: w_N=50.png Graphic file (type png)
<use w_N=50.png>
Package pdftex.def Info: w_N=50.png  used on input line 253.
(pdftex.def)             Requested size: 109.537pt x 73.0241pt.
<w_N=60.png, id=839, 433.62pt x 289.08pt>
File: w_N=60.png Graphic file (type png)
<use w_N=60.png>
Package pdftex.def Info: w_N=60.png  used on input line 253.
(pdftex.def)             Requested size: 109.537pt x 73.0241pt.
<w_N=70.png, id=840, 433.62pt x 289.08pt>
File: w_N=70.png Graphic file (type png)
<use w_N=70.png>
Package pdftex.def Info: w_N=70.png  used on input line 253.
(pdftex.def)             Requested size: 109.537pt x 73.0241pt.
<w_N=80.png, id=841, 433.62pt x 289.08pt>
File: w_N=80.png Graphic file (type png)
<use w_N=80.png>
Package pdftex.def Info: w_N=80.png  used on input line 253.
(pdftex.def)             Requested size: 109.537pt x 73.0241pt.
<w_N=90.png, id=842, 433.62pt x 289.08pt>
File: w_N=90.png Graphic file (type png)
<use w_N=90.png>
Package pdftex.def Info: w_N=90.png  used on input line 253.
(pdftex.def)             Requested size: 109.537pt x 73.0241pt.
<w_N=100.png, id=843, 433.62pt x 289.08pt>
File: w_N=100.png Graphic file (type png)
<use w_N=100.png>
Package pdftex.def Info: w_N=100.png  used on input line 253.
(pdftex.def)             Requested size: 109.537pt x 73.0241pt.
 [26

 <./w_N=50.png> <./w_N=60.png> <./w_N=70.png> <./w_N=80.png> <./w_N=90.png> <./
w_N=100.png>]
<deltaw_scatter.png, id=878, 433.62pt x 289.08pt>
File: deltaw_scatter.png Graphic file (type png)
<use deltaw_scatter.png>
Package pdftex.def Info: deltaw_scatter.png  used on input line 265.
(pdftex.def)             Requested size: 205.37926pt x 136.92184pt.
 [27

 <./deltaw_scatter.png>]

Package hyperref Warning: Token not allowed in a PDF string (PDFDocEncoding):
(hyperref)                removing `math shift' on input line 267.


Package hyperref Warning: Token not allowed in a PDF string (PDFDocEncoding):
(hyperref)                removing `\sigma' on input line 267.


Package hyperref Warning: Token not allowed in a PDF string (PDFDocEncoding):
(hyperref)                removing `math shift' on input line 267.

<u_sigma=1.5.png, id=906, 433.62pt x 289.08pt>
File: u_sigma=1.5.png Graphic file (type png)
<use u_sigma=1.5.png>
Package pdftex.def Info: u_sigma=1.5.png  used on input line 314.
(pdftex.def)             Requested size: 109.537pt x 73.0241pt.
<u_sigma=1.6.png, id=907, 433.62pt x 289.08pt>
File: u_sigma=1.6.png Graphic file (type png)
<use u_sigma=1.6.png>
Package pdftex.def Info: u_sigma=1.6.png  used on input line 314.
(pdftex.def)             Requested size: 109.537pt x 73.0241pt.
<u_sigma=1.7.png, id=908, 433.62pt x 289.08pt>
File: u_sigma=1.7.png Graphic file (type png)
<use u_sigma=1.7.png>
Package pdftex.def Info: u_sigma=1.7.png  used on input line 314.
(pdftex.def)             Requested size: 109.537pt x 73.0241pt.
<w_sigma=1.5.png, id=909, 433.62pt x 289.08pt>
File: w_sigma=1.5.png Graphic file (type png)
<use w_sigma=1.5.png>
Package pdftex.def Info: w_sigma=1.5.png  used on input line 314.
(pdftex.def)             Requested size: 109.537pt x 73.0241pt.
<w_sigma=1.6.png, id=910, 433.62pt x 289.08pt>
File: w_sigma=1.6.png Graphic file (type png)
<use w_sigma=1.6.png>
Package pdftex.def Info: w_sigma=1.6.png  used on input line 314.
(pdftex.def)             Requested size: 109.537pt x 73.0241pt.
<w_sigma=1.7.png, id=911, 433.62pt x 289.08pt>
File: w_sigma=1.7.png Graphic file (type png)
<use w_sigma=1.7.png>
Package pdftex.def Info: w_sigma=1.7.png  used on input line 314.
(pdftex.def)             Requested size: 109.537pt x 73.0241pt.

Overfull \vbox (9.9776pt too high) detected at line 314
 []

[28

 <./u_sigma=1.5.png> <./u_sigma=1.6.png> <./u_sigma=1.7.png> <./w_sigma=1.5.png
> <./w_sigma=1.6.png> <./w_sigma=1.7.png>]
File: u_sigma=1.5.png Graphic file (type png)
<use u_sigma=1.5.png>
Package pdftex.def Info: u_sigma=1.5.png  used on input line 314.
(pdftex.def)             Requested size: 109.537pt x 73.0241pt.
File: u_sigma=1.6.png Graphic file (type png)
<use u_sigma=1.6.png>
Package pdftex.def Info: u_sigma=1.6.png  used on input line 314.
(pdftex.def)             Requested size: 109.537pt x 73.0241pt.
File: u_sigma=1.7.png Graphic file (type png)
<use u_sigma=1.7.png>
Package pdftex.def Info: u_sigma=1.7.png  used on input line 314.
(pdftex.def)             Requested size: 109.537pt x 73.0241pt.
File: w_sigma=1.5.png Graphic file (type png)
<use w_sigma=1.5.png>
Package pdftex.def Info: w_sigma=1.5.png  used on input line 314.
(pdftex.def)             Requested size: 109.537pt x 73.0241pt.
File: w_sigma=1.6.png Graphic file (type png)
<use w_sigma=1.6.png>
Package pdftex.def Info: w_sigma=1.6.png  used on input line 314.
(pdftex.def)             Requested size: 109.537pt x 73.0241pt.
File: w_sigma=1.7.png Graphic file (type png)
<use w_sigma=1.7.png>
Package pdftex.def Info: w_sigma=1.7.png  used on input line 314.
(pdftex.def)             Requested size: 109.537pt x 73.0241pt.

Overfull \vbox (9.9776pt too high) detected at line 314
 []

[29

]
<deltaw.png, id=972, 433.62pt x 289.08pt>
File: deltaw.png Graphic file (type png)
<use deltaw.png>
Package pdftex.def Info: deltaw.png  used on input line 324.
(pdftex.def)             Requested size: 205.37926pt x 136.92184pt.
 [30

 <./deltaw.png>]
<u_seed=64856_t=1000.png, id=1000, 433.62pt x 289.08pt>
File: u_seed=64856_t=1000.png Graphic file (type png)
<use u_seed=64856_t=1000.png>
Package pdftex.def Info: u_seed=64856_t=1000.png  used on input line 346.
(pdftex.def)             Requested size: 167.72658pt x 111.81883pt.
<u_seed=38958_t=1000.png, id=1001, 433.62pt x 289.08pt>
File: u_seed=38958_t=1000.png Graphic file (type png)
<use u_seed=38958_t=1000.png>
Package pdftex.def Info: u_seed=38958_t=1000.png  used on input line 346.
(pdftex.def)             Requested size: 167.72658pt x 111.81883pt.
 [31

 <./u_seed=64856_t=1000.png> <./u_seed=38958_t=1000.png>]
File: u_seed=64856_t=1000.png Graphic file (type png)
<use u_seed=64856_t=1000.png>
Package pdftex.def Info: u_seed=64856_t=1000.png  used on input line 346.
(pdftex.def)             Requested size: 167.72658pt x 111.81883pt.
File: u_seed=38958_t=1000.png Graphic file (type png)
<use u_seed=38958_t=1000.png>
Package pdftex.def Info: u_seed=38958_t=1000.png  used on input line 346.
(pdftex.def)             Requested size: 167.72658pt x 111.81883pt.
 [32

]
<u_seed=70893_t=1000.png, id=1061, 433.62pt x 289.08pt>
File: u_seed=70893_t=1000.png Graphic file (type png)
<use u_seed=70893_t=1000.png>
Package pdftex.def Info: u_seed=70893_t=1000.png  used on input line 366.
(pdftex.def)             Requested size: 167.72658pt x 111.81883pt.
<u_seed=70893_t=4000.png, id=1062, 433.62pt x 289.08pt>
File: u_seed=70893_t=4000.png Graphic file (type png)
<use u_seed=70893_t=4000.png>
Package pdftex.def Info: u_seed=70893_t=4000.png  used on input line 366.
(pdftex.def)             Requested size: 167.72658pt x 111.81883pt.
 [33

 <./u_seed=70893_t=1000.png> <./u_seed=70893_t=4000.png>]
<u_seed=27027_t=1000.png, id=1091, 433.62pt x 289.08pt>
File: u_seed=27027_t=1000.png Graphic file (type png)
<use u_seed=27027_t=1000.png>
Package pdftex.def Info: u_seed=27027_t=1000.png  used on input line 384.
(pdftex.def)             Requested size: 167.72658pt x 111.81883pt.
<u_seed=27027_t=4000.png, id=1092, 433.62pt x 289.08pt>
File: u_seed=27027_t=4000.png Graphic file (type png)
<use u_seed=27027_t=4000.png>
Package pdftex.def Info: u_seed=27027_t=4000.png  used on input line 384.
(pdftex.def)             Requested size: 167.72658pt x 111.81883pt.

[34

 <./u_seed=27027_t=1000.png> <./u_seed=27027_t=4000.png>]
<u_N=200_sigma=1.4_t=1000.png, id=1121, 433.62pt x 289.08pt>
File: u_N=200_sigma=1.4_t=1000.png Graphic file (type png)
<use u_N=200_sigma=1.4_t=1000.png>
Package pdftex.def Info: u_N=200_sigma=1.4_t=1000.png  used on input line 404.
(pdftex.def)             Requested size: 167.72658pt x 111.81883pt.
<u_N=200_sigma=1.4_t=4000.png, id=1122, 433.62pt x 289.08pt>
File: u_N=200_sigma=1.4_t=4000.png Graphic file (type png)
<use u_N=200_sigma=1.4_t=4000.png>
Package pdftex.def Info: u_N=200_sigma=1.4_t=4000.png  used on input line 404.
(pdftex.def)             Requested size: 167.72658pt x 111.81883pt.
 [35

 <./u_N=200_sigma=1.4_t=1000.png> <./u_N=200_sigma=1.4_t=4000.png>]
File: u_N=200_sigma=1.4_t=1000.png Graphic file (type png)
<use u_N=200_sigma=1.4_t=1000.png>
Package pdftex.def Info: u_N=200_sigma=1.4_t=1000.png  used on input line 404.
(pdftex.def)             Requested size: 167.72658pt x 111.81883pt.
File: u_N=200_sigma=1.4_t=4000.png Graphic file (type png)
<use u_N=200_sigma=1.4_t=4000.png>
Package pdftex.def Info: u_N=200_sigma=1.4_t=4000.png  used on input line 404.
(pdftex.def)             Requested size: 167.72658pt x 111.81883pt.
 [36

]
<w_N=200_sigma=1.4_t=4000.png, id=1180, 433.62pt x 289.08pt>
File: w_N=200_sigma=1.4_t=4000.png Graphic file (type png)
<use w_N=200_sigma=1.4_t=4000.png>
Package pdftex.def Info: w_N=200_sigma=1.4_t=4000.png  used on input line 413.
(pdftex.def)             Requested size: 205.37926pt x 136.92184pt.
 [37

 <./w_N=200_sigma=1.4_t=4000.png>]

Package hyperref Warning: Token not allowed in a PDF string (PDFDocEncoding):
(hyperref)                removing `math shift' on input line 415.


Package hyperref Warning: Token not allowed in a PDF string (PDFDocEncoding):
(hyperref)                removing `\lambda' on input line 415.


Package hyperref Warning: Token not allowed in a PDF string (PDFDocEncoding):
(hyperref)                removing `math shift' on input line 415.

<deltawvslmd.png, id=1209, 433.62pt x 289.08pt>
File: deltawvslmd.png Graphic file (type png)
<use deltawvslmd.png>
Package pdftex.def Info: deltawvslmd.png  used on input line 426.
(pdftex.def)             Requested size: 205.37926pt x 136.92184pt.
[38

 <./deltawvslmd.png>]
File: deltawvslmd.png Graphic file (type png)
<use deltawvslmd.png>
Package pdftex.def Info: deltawvslmd.png  used on input line 426.
(pdftex.def)             Requested size: 205.37926pt x 136.92184pt.
 [39

]
<u_lambda=1.0_t=2000.png, id=1264, 433.62pt x 289.08pt>
File: u_lambda=1.0_t=2000.png Graphic file (type png)
<use u_lambda=1.0_t=2000.png>
Package pdftex.def Info: u_lambda=1.0_t=2000.png  used on input line 476.
(pdftex.def)             Requested size: 109.537pt x 73.0241pt.
<u_lambda=0.99_t=2000.png, id=1265, 433.62pt x 289.08pt>
File: u_lambda=0.99_t=2000.png Graphic file (type png)
<use u_lambda=0.99_t=2000.png>
Package pdftex.def Info: u_lambda=0.99_t=2000.png  used on input line 476.
(pdftex.def)             Requested size: 109.537pt x 73.0241pt.
<u_lambda=0.98_t=2000.png, id=1266, 433.62pt x 289.08pt>
File: u_lambda=0.98_t=2000.png Graphic file (type png)
<use u_lambda=0.98_t=2000.png>
Package pdftex.def Info: u_lambda=0.98_t=2000.png  used on input line 476.
(pdftex.def)             Requested size: 109.537pt x 73.0241pt.
<u_lambda=0.97_t=2000.png, id=1267, 433.62pt x 289.08pt>
File: u_lambda=0.97_t=2000.png Graphic file (type png)
<use u_lambda=0.97_t=2000.png>
Package pdftex.def Info: u_lambda=0.97_t=2000.png  used on input line 476.
(pdftex.def)             Requested size: 109.537pt x 73.0241pt.
<u_lambda=0.96_t=2000.png, id=1268, 433.62pt x 289.08pt>
File: u_lambda=0.96_t=2000.png Graphic file (type png)
<use u_lambda=0.96_t=2000.png>
Package pdftex.def Info: u_lambda=0.96_t=2000.png  used on input line 476.
(pdftex.def)             Requested size: 109.537pt x 73.0241pt.
<u_lambda=0.95_t=2000.png, id=1269, 433.62pt x 289.08pt>
File: u_lambda=0.95_t=2000.png Graphic file (type png)
<use u_lambda=0.95_t=2000.png>
Package pdftex.def Info: u_lambda=0.95_t=2000.png  used on input line 476.
(pdftex.def)             Requested size: 109.537pt x 73.0241pt.
 [40

 <./u_lambda=1.0_t=2000.png> <./u_lambda=0.99_t=2000.png> <./u_lambda=0.98_t=20
00.png> <./u_lambda=0.97_t=2000.png> <./u_lambda=0.96_t=2000.png> <./u_lambda=0
.95_t=2000.png>]
<w_lambda=1.0_t=2000.png, id=1302, 433.62pt x 289.08pt>
File: w_lambda=1.0_t=2000.png Graphic file (type png)
<use w_lambda=1.0_t=2000.png>
Package pdftex.def Info: w_lambda=1.0_t=2000.png  used on input line 524.
(pdftex.def)             Requested size: 109.537pt x 73.0241pt.
<w_lambda=0.99_t=2000.png, id=1303, 433.62pt x 289.08pt>
File: w_lambda=0.99_t=2000.png Graphic file (type png)
<use w_lambda=0.99_t=2000.png>
Package pdftex.def Info: w_lambda=0.99_t=2000.png  used on input line 524.
(pdftex.def)             Requested size: 109.537pt x 73.0241pt.
<w_lambda=0.98_t=2000.png, id=1304, 433.62pt x 289.08pt>
File: w_lambda=0.98_t=2000.png Graphic file (type png)
<use w_lambda=0.98_t=2000.png>
Package pdftex.def Info: w_lambda=0.98_t=2000.png  used on input line 524.
(pdftex.def)             Requested size: 109.537pt x 73.0241pt.
<w_lambda=0.97_t=2000.png, id=1305, 433.62pt x 289.08pt>
File: w_lambda=0.97_t=2000.png Graphic file (type png)
<use w_lambda=0.97_t=2000.png>
Package pdftex.def Info: w_lambda=0.97_t=2000.png  used on input line 524.
(pdftex.def)             Requested size: 109.537pt x 73.0241pt.
<w_lambda=0.96_t=2000.png, id=1306, 433.62pt x 289.08pt>
File: w_lambda=0.96_t=2000.png Graphic file (type png)
<use w_lambda=0.96_t=2000.png>
Package pdftex.def Info: w_lambda=0.96_t=2000.png  used on input line 524.
(pdftex.def)             Requested size: 109.537pt x 73.0241pt.
<w_lambda=0.95_t=2000.png, id=1307, 433.62pt x 289.08pt>
File: w_lambda=0.95_t=2000.png Graphic file (type png)
<use w_lambda=0.95_t=2000.png>
Package pdftex.def Info: w_lambda=0.95_t=2000.png  used on input line 524.
(pdftex.def)             Requested size: 109.537pt x 73.0241pt.
 [41

 <./w_lambda=1.0_t=2000.png> <./w_lambda=0.99_t=2000.png> <./w_lambda=0.98_t=20
00.png> <./w_lambda=0.97_t=2000.png> <./w_lambda=0.96_t=2000.png> <./w_lambda=0
.95_t=2000.png>] [42

]
[43

] [44

] [45

] [46

] [47

] [48

 <C:/Users/fotis/AppData/Local/Programs/MiKTeX 2.9/tex/latex/beamer/beamericona
rticle.pdf>] [49

]
\tf@nav=\write6
\openout6 = `lifpres.nav'.

\tf@toc=\write7
\openout7 = `lifpres.toc'.

\tf@snm=\write8
\openout8 = `lifpres.snm'.

 (lifpres.aux)
Package rerunfilecheck Info: File `lifpres.out' has not changed.
(rerunfilecheck)             Checksum: BCECB38DC9DFE5AB2F99F7E968B00851;845.
 ) 
Here is how much of TeX's memory you used:
 21292 strings out of 479697
 413640 string characters out of 2865196
 691765 words of memory out of 3000000
 37683 multiletter control sequences out of 15000+200000
 415896 words of font info for 75 fonts, out of 3000000 for 9000
 1141 hyphenation exceptions out of 8191
 125i,15n,126p,414b,691s stack positions out of 5000i,500n,10000p,200000b,50000s
<C:/Users/fotis/AppData/Local/Programs/MiKTeX 2.9/fonts/type1/public/amsfonts
/cm/cmex10.pfb><C:/Users/fotis/AppData/Local/Programs/MiKTeX 2.9/fonts/type1/pu
blic/amsfonts/cm/cmmi10.pfb><C:/Users/fotis/AppData/Local/Programs/MiKTeX 2.9/f
onts/type1/public/amsfonts/cm/cmmi12.pfb><C:/Users/fotis/AppData/Local/Programs
/MiKTeX 2.9/fonts/type1/public/amsfonts/cm/cmmi7.pfb><C:/Users/fotis/AppData/Lo
cal/Programs/MiKTeX 2.9/fonts/type1/public/amsfonts/cm/cmmi8.pfb><C:/Users/foti
s/AppData/Local/Programs/MiKTeX 2.9/fonts/type1/public/amsfonts/cm/cmmi9.pfb><C
:/Users/fotis/AppData/Local/Programs/MiKTeX 2.9/fonts/type1/public/amsfonts/cm/
cmr10.pfb><C:/Users/fotis/AppData/Local/Programs/MiKTeX 2.9/fonts/type1/public/
amsfonts/cm/cmr12.pfb><C:/Users/fotis/AppData/Local/Programs/MiKTeX 2.9/fonts/t
ype1/public/amsfonts/cm/cmr8.pfb><C:/Users/fotis/AppData/Local/Programs/MiKTeX 
2.9/fonts/type1/public/amsfonts/cm/cmr9.pfb><C:/Users/fotis/AppData/Local/Progr
ams/MiKTeX 2.9/fonts/type1/public/amsfonts/cm/cmss10.pfb><C:/Users/fotis/AppDat
a/Local/Programs/MiKTeX 2.9/fonts/type1/public/amsfonts/cm/cmss12.pfb><C:/Users
/fotis/AppData/Local/Programs/MiKTeX 2.9/fonts/type1/public/amsfonts/cm/cmss17.
pfb><C:/Users/fotis/AppData/Local/Programs/MiKTeX 2.9/fonts/type1/public/amsfon
ts/cm/cmss8.pfb><C:/Users/fotis/AppData/Local/Programs/MiKTeX 2.9/fonts/type1/p
ublic/amsfonts/cm/cmss9.pfb><C:/Users/fotis/AppData/Local/Programs/MiKTeX 2.9/f
onts/type1/public/amsfonts/cm/cmsy10.pfb><C:/Users/fotis/AppData/Local/Programs
/MiKTeX 2.9/fonts/type1/public/amsfonts/cm/cmsy8.pfb>
Output written on lifpres.pdf (49 pages, 7206032 bytes).
PDF statistics:
 1646 PDF objects out of 1728 (max. 8388607)
 135 named destinations out of 1000 (max. 500000)
 402 words of extra memory for PDF output out of 10000 (max. 10000000)

